<!DOCTYPE html>

<html>
  <head>
  <meta charset='utf-8'>
  <title>TestNG reports</title>

    <link type="text/css" href="testng-reports.css" rel="stylesheet" />  
    <script type="text/javascript" src="jquery-1.7.1.min.js"></script>
    <script type="text/javascript" src="testng-reports.js"></script>
    <script type="text/javascript" src="https://www.google.com/jsapi"></script>
    <script type='text/javascript'>
      google.load('visualization', '1', {packages:['table']});
      google.setOnLoadCallback(drawTable);
      var suiteTableInitFunctions = new Array();
      var suiteTableData = new Array();
    </script>
    <!--
      <script type="text/javascript" src="jquery-ui/js/jquery-ui-1.8.16.custom.min.js"></script>
     -->
  </head>

  <body>
    <div class="top-banner-root">
      <span class="top-banner-title-font">Test results</span>
      <br/>
      <span class="top-banner-font-1">1 suite, 13 failed tests</span>
    </div> <!-- top-banner-root -->
    <div class="navigator-root">
      <div class="navigator-suite-header">
        <span>All suites</span>
        <a href="#" class="collapse-all-link" title="Collapse/expand all the suites">
          <img class="collapse-all-icon" src="collapseall.gif">
          </img> <!-- collapse-all-icon -->
        </a> <!-- collapse-all-link -->
      </div> <!-- navigator-suite-header -->
      <div class="suite">
        <div class="rounded-window">
          <div class="suite-header light-rounded-window-top">
            <a href="#" class="navigator-link" panel-name="suite-Default_suite">
              <span class="suite-name border-failed">Default suite</span>
            </a> <!-- navigator-link -->
          </div> <!-- suite-header light-rounded-window-top -->
          <div class="navigator-suite-content">
            <div class="suite-section-title">
              <span>Info</span>
            </div> <!-- suite-section-title -->
            <div class="suite-section-content">
              <ul>
                <li>
                  <a href="#" class="navigator-link " panel-name="test-xml-Default_suite">
                    <span>testng-customsuite.xml</span>
                  </a> <!-- navigator-link  -->
                </li>
                <li>
                  <a href="#" class="navigator-link " panel-name="testlist-Default_suite">
                    <span class="test-stats">1 test</span>
                  </a> <!-- navigator-link  -->
                </li>
                <li>
                  <a href="#" class="navigator-link " panel-name="group-Default_suite">
                    <span>11 groups</span>
                  </a> <!-- navigator-link  -->
                </li>
                <li>
                  <a href="#" class="navigator-link " panel-name="times-Default_suite">
                    <span>Times</span>
                  </a> <!-- navigator-link  -->
                </li>
                <li>
                  <a href="#" class="navigator-link " panel-name="reporter-Default_suite">
                    <span>Reporter output</span>
                  </a> <!-- navigator-link  -->
                </li>
                <li>
                  <a href="#" class="navigator-link " panel-name="ignored-methods-Default_suite">
                    <span>Ignored methods</span>
                  </a> <!-- navigator-link  -->
                </li>
                <li>
                  <a href="#" class="navigator-link " panel-name="chronological-Default_suite">
                    <span>Chronological view</span>
                  </a> <!-- navigator-link  -->
                </li>
              </ul>
            </div> <!-- suite-section-content -->
            <div class="result-section">
              <div class="suite-section-title">
                <span>Results</span>
              </div> <!-- suite-section-title -->
              <div class="suite-section-content">
                <ul>
                  <li>
                    <span class="method-stats">36 methods, 13 failed,  1 skipped,  22 passed</span>
                  </li>
                  <li>
                    <span class="method-list-title failed">Failed methods</span>
                    <span class="show-or-hide-methods failed">
                      <a href="#" panel-name="suite-Default_suite" class="hide-methods failed suite-Default_suite"> (hide)</a> <!-- hide-methods failed suite-Default_suite -->
                      <a href="#" panel-name="suite-Default_suite" class="show-methods failed suite-Default_suite"> (show)</a> <!-- show-methods failed suite-Default_suite -->
                    </span>
                    <div class="method-list-content failed suite-Default_suite">
                      <span>
                        <img width="3%" src="failed.png"/>
                        <a href="#" class="method navigator-link" panel-name="suite-Default_suite" title="com.regression.agileHats.Tests" hash-for-method="DateTest">DateTest</a> <!-- method navigator-link -->
                      </span>
                      <br/>
                      <span>
                        <img width="3%" src="failed.png"/>
                        <a href="#" class="method navigator-link" panel-name="suite-Default_suite" title="com.regression.agileHats.Tests" hash-for-method="LoginDependentMethod">LoginDependentMethod</a> <!-- method navigator-link -->
                      </span>
                      <br/>
                      <span>
                        <img width="3%" src="failed.png"/>
                        <a href="#" class="method navigator-link" panel-name="suite-Default_suite" title="com.regression.agileHats.Tests" hash-for-method="VideoUploadTEST">VideoUploadTEST</a> <!-- method navigator-link -->
                      </span>
                      <br/>
                      <span>
                        <img width="3%" src="failed.png"/>
                        <a href="#" class="method navigator-link" panel-name="suite-Default_suite" title="com.regression.agileHats.Tests" hash-for-method="cancelCreateProjectWithNoInputs">cancelCreateProjectWithNoInputs</a> <!-- method navigator-link -->
                      </span>
                      <br/>
                      <span>
                        <img width="3%" src="failed.png"/>
                        <a href="#" class="method navigator-link" panel-name="suite-Default_suite" title="com.regression.agileHats.Tests" hash-for-method="createFundingProjectValid">createFundingProjectValid</a> <!-- method navigator-link -->
                      </span>
                      <br/>
                      <span>
                        <img width="3%" src="failed.png"/>
                        <a href="#" class="method navigator-link" panel-name="suite-Default_suite" title="com.regression.agileHats.Tests" hash-for-method="createProjectBlankFields">createProjectBlankFields</a> <!-- method navigator-link -->
                      </span>
                      <br/>
                      <span>
                        <img width="3%" src="failed.png"/>
                        <a href="#" class="method navigator-link" panel-name="suite-Default_suite" title="com.regression.agileHats.Tests" hash-for-method="createProjectValid">createProjectValid</a> <!-- method navigator-link -->
                      </span>
                      <br/>
                      <span>
                        <img width="3%" src="failed.png"/>
                        <a href="#" class="method navigator-link" panel-name="suite-Default_suite" title="com.regression.agileHats.Tests" hash-for-method="createResponsibilityBlankFields">createResponsibilityBlankFields</a> <!-- method navigator-link -->
                      </span>
                      <br/>
                      <span>
                        <img width="3%" src="failed.png"/>
                        <a href="#" class="method navigator-link" panel-name="suite-Default_suite" title="com.regression.agileHats.Tests" hash-for-method="createResponsibilityLessThanMinCharacters">createResponsibilityLessThanMinCharacters</a> <!-- method navigator-link -->
                      </span>
                      <br/>
                      <span>
                        <img width="3%" src="failed.png"/>
                        <a href="#" class="method navigator-link" panel-name="suite-Default_suite" title="com.regression.agileHats.Tests" hash-for-method="createResponsibilityValid">createResponsibilityValid</a> <!-- method navigator-link -->
                      </span>
                      <br/>
                      <span>
                        <img width="3%" src="failed.png"/>
                        <a href="#" class="method navigator-link" panel-name="suite-Default_suite" title="com.regression.agileHats.Tests" hash-for-method="forgotPasswordNonExistingUser">forgotPasswordNonExistingUser</a> <!-- method navigator-link -->
                      </span>
                      <br/>
                      <span>
                        <img width="3%" src="failed.png"/>
                        <a href="#" class="method navigator-link" panel-name="suite-Default_suite" title="com.regression.agileHats.Tests" hash-for-method="forgotPasswordTest">forgotPasswordTest</a> <!-- method navigator-link -->
                      </span>
                      <br/>
                      <span>
                        <img width="3%" src="failed.png"/>
                        <a href="#" class="method navigator-link" panel-name="suite-Default_suite" title="com.regression.agileHats.Tests" hash-for-method="registerCompanyValid">registerCompanyValid</a> <!-- method navigator-link -->
                      </span>
                      <br/>
                    </div> <!-- method-list-content failed suite-Default_suite -->
                  </li>
                  <li>
                    <span class="method-list-title skipped">Skipped methods</span>
                    <span class="show-or-hide-methods skipped">
                      <a href="#" panel-name="suite-Default_suite" class="hide-methods skipped suite-Default_suite"> (hide)</a> <!-- hide-methods skipped suite-Default_suite -->
                      <a href="#" panel-name="suite-Default_suite" class="show-methods skipped suite-Default_suite"> (show)</a> <!-- show-methods skipped suite-Default_suite -->
                    </span>
                    <div class="method-list-content skipped suite-Default_suite">
                      <span>
                        <img width="3%" src="skipped.png"/>
                        <a href="#" class="method navigator-link" panel-name="suite-Default_suite" title="com.regression.agileHats.Tests" hash-for-method="CheckLogout2">CheckLogout2</a> <!-- method navigator-link -->
                      </span>
                      <br/>
                    </div> <!-- method-list-content skipped suite-Default_suite -->
                  </li>
                  <li>
                    <span class="method-list-title passed">Passed methods</span>
                    <span class="show-or-hide-methods passed">
                      <a href="#" panel-name="suite-Default_suite" class="hide-methods passed suite-Default_suite"> (hide)</a> <!-- hide-methods passed suite-Default_suite -->
                      <a href="#" panel-name="suite-Default_suite" class="show-methods passed suite-Default_suite"> (show)</a> <!-- show-methods passed suite-Default_suite -->
                    </span>
                    <div class="method-list-content passed suite-Default_suite">
                      <span>
                        <img width="3%" src="passed.png"/>
                        <a href="#" class="method navigator-link" panel-name="suite-Default_suite" title="com.regression.agileHats.Tests" hash-for-method="EditProfile">EditProfile</a> <!-- method navigator-link -->
                      </span>
                      <br/>
                      <span>
                        <img width="3%" src="passed.png"/>
                        <a href="#" class="method navigator-link" panel-name="suite-Default_suite" title="com.regression.agileHats.Tests" hash-for-method="LogOut1">LogOut1</a> <!-- method navigator-link -->
                      </span>
                      <br/>
                      <span>
                        <img width="3%" src="passed.png"/>
                        <a href="#" class="method navigator-link" panel-name="suite-Default_suite" title="com.regression.agileHats.Tests" hash-for-method="LoginBlankPassword">LoginBlankPassword</a> <!-- method navigator-link -->
                      </span>
                      <br/>
                      <span>
                        <img width="3%" src="passed.png"/>
                        <a href="#" class="method navigator-link" panel-name="suite-Default_suite" title="com.regression.agileHats.Tests" hash-for-method="LoginInvalidEmail">LoginInvalidEmail</a> <!-- method navigator-link -->
                      </span>
                      <br/>
                      <span>
                        <img width="3%" src="passed.png"/>
                        <a href="#" class="method navigator-link" panel-name="suite-Default_suite" title="com.regression.agileHats.Tests" hash-for-method="LoginInvalidEmailAndBlankPassword">LoginInvalidEmailAndBlankPassword</a> <!-- method navigator-link -->
                      </span>
                      <br/>
                      <span>
                        <img width="3%" src="passed.png"/>
                        <a href="#" class="method navigator-link" panel-name="suite-Default_suite" title="com.regression.agileHats.Tests" hash-for-method="LoginInvalidPassword">LoginInvalidPassword</a> <!-- method navigator-link -->
                      </span>
                      <br/>
                      <span>
                        <img width="3%" src="passed.png"/>
                        <a href="#" class="method navigator-link" panel-name="suite-Default_suite" title="com.regression.agileHats.Tests" hash-for-method="LoginInvalidPasswordAndBlankEmail">LoginInvalidPasswordAndBlankEmail</a> <!-- method navigator-link -->
                      </span>
                      <br/>
                      <span>
                        <img width="3%" src="passed.png"/>
                        <a href="#" class="method navigator-link" panel-name="suite-Default_suite" title="com.regression.agileHats.Tests" hash-for-method="LoginInvalidPasswordAndEmail">LoginInvalidPasswordAndEmail</a> <!-- method navigator-link -->
                      </span>
                      <br/>
                      <span>
                        <img width="3%" src="passed.png"/>
                        <a href="#" class="method navigator-link" panel-name="suite-Default_suite" title="com.regression.agileHats.Tests" hash-for-method="LoginValidEmailAndPassword">LoginValidEmailAndPassword</a> <!-- method navigator-link -->
                      </span>
                      <br/>
                      <span>
                        <img width="3%" src="passed.png"/>
                        <a href="#" class="method navigator-link" panel-name="suite-Default_suite" title="com.regression.agileHats.Tests" hash-for-method="blankFields">blankFields</a> <!-- method navigator-link -->
                      </span>
                      <br/>
                      <span>
                        <img width="3%" src="passed.png"/>
                        <a href="#" class="method navigator-link" panel-name="suite-Default_suite" title="com.regression.agileHats.Tests" hash-for-method="companyBlankFields">companyBlankFields</a> <!-- method navigator-link -->
                      </span>
                      <br/>
                      <span>
                        <img width="3%" src="passed.png"/>
                        <a href="#" class="method navigator-link" panel-name="suite-Default_suite" title="com.regression.agileHats.Tests" hash-for-method="invalidEmailFormat">invalidEmailFormat</a> <!-- method navigator-link -->
                      </span>
                      <br/>
                      <span>
                        <img width="3%" src="passed.png"/>
                        <a href="#" class="method navigator-link" panel-name="suite-Default_suite" title="com.regression.agileHats.Tests" hash-for-method="invalidPasswordConfirmation">invalidPasswordConfirmation</a> <!-- method navigator-link -->
                      </span>
                      <br/>
                      <span>
                        <img width="3%" src="passed.png"/>
                        <a href="#" class="method navigator-link" panel-name="suite-Default_suite" title="com.regression.agileHats.Tests" hash-for-method="loginBlankEmail">loginBlankEmail</a> <!-- method navigator-link -->
                      </span>
                      <br/>
                      <span>
                        <img width="3%" src="passed.png"/>
                        <a href="#" class="method navigator-link" panel-name="suite-Default_suite" title="com.regression.agileHats.Tests" hash-for-method="loginBlankEmailAndPassword">loginBlankEmailAndPassword</a> <!-- method navigator-link -->
                      </span>
                      <br/>
                      <span>
                        <img width="3%" src="passed.png"/>
                        <a href="#" class="method navigator-link" panel-name="suite-Default_suite" title="com.regression.agileHats.Tests" hash-for-method="passConfirmCaseSensitive">passConfirmCaseSensitive</a> <!-- method navigator-link -->
                      </span>
                      <br/>
                      <span>
                        <img width="3%" src="passed.png"/>
                        <a href="#" class="method navigator-link" panel-name="suite-Default_suite" title="com.regression.agileHats.Tests" hash-for-method="removeButtonTest">removeButtonTest</a> <!-- method navigator-link -->
                      </span>
                      <br/>
                      <span>
                        <img width="3%" src="passed.png"/>
                        <a href="#" class="method navigator-link" panel-name="suite-Default_suite" title="com.regression.agileHats.Tests" hash-for-method="searchCaseSensitive">searchCaseSensitive</a> <!-- method navigator-link -->
                      </span>
                      <br/>
                      <span>
                        <img width="3%" src="passed.png"/>
                        <a href="#" class="method navigator-link" panel-name="suite-Default_suite" title="com.regression.agileHats.Tests" hash-for-method="searchResultLinkTest">searchResultLinkTest</a> <!-- method navigator-link -->
                      </span>
                      <br/>
                      <span>
                        <img width="3%" src="passed.png"/>
                        <a href="#" class="method navigator-link" panel-name="suite-Default_suite" title="com.regression.agileHats.Tests" hash-for-method="searchTrimTest">searchTrimTest</a> <!-- method navigator-link -->
                      </span>
                      <br/>
                      <span>
                        <img width="3%" src="passed.png"/>
                        <a href="#" class="method navigator-link" panel-name="suite-Default_suite" title="com.regression.agileHats.Tests" hash-for-method="takenEmail">takenEmail</a> <!-- method navigator-link -->
                      </span>
                      <br/>
                      <span>
                        <img width="3%" src="passed.png"/>
                        <a href="#" class="method navigator-link" panel-name="suite-Default_suite" title="com.regression.agileHats.Tests" hash-for-method="validSearchResultTest">validSearchResultTest</a> <!-- method navigator-link -->
                      </span>
                      <br/>
                    </div> <!-- method-list-content passed suite-Default_suite -->
                  </li>
                </ul>
              </div> <!-- suite-section-content -->
            </div> <!-- result-section -->
          </div> <!-- navigator-suite-content -->
        </div> <!-- rounded-window -->
      </div> <!-- suite -->
    </div> <!-- navigator-root -->
    <div class="wrapper">
      <div class="main-panel-root">
        <div panel-name="suite-Default_suite" class="panel Default_suite">
          <div class="suite-Default_suite-class-failed">
            <div class="main-panel-header rounded-window-top">
              <img src="failed.png"/>
              <span class="class-name">com.regression.agileHats.Tests</span>
            </div> <!-- main-panel-header rounded-window-top -->
            <div class="main-panel-content rounded-window-bottom">
              <div class="method">
                <div class="method-content">
                  <a name="DateTest">
                  </a> <!-- DateTest -->
                  <span class="method-name">DateTest</span>
                  <div class="stack-trace">java.lang.AssertionError: null
	at org.testng.Assert.fail(Assert.java:94)
	at org.testng.Assert.fail(Assert.java:101)
	at com.regression.agileHats.CreateProject.getDateVerification(CreateProject.java:304)
	at com.regression.agileHats.Tests.DateTest(Tests.java:692)
	at sun.reflect.NativeMethodAccessorImpl.invoke0(Native Method)
	at sun.reflect.NativeMethodAccessorImpl.invoke(NativeMethodAccessorImpl.java:62)
	at sun.reflect.DelegatingMethodAccessorImpl.invoke(DelegatingMethodAccessorImpl.java:43)
	at java.lang.reflect.Method.invoke(Method.java:498)
	at org.testng.internal.MethodInvocationHelper.invokeMethod(MethodInvocationHelper.java:104)
	at org.testng.internal.Invoker.invokeMethod(Invoker.java:645)
	at org.testng.internal.Invoker.invokeTestMethod(Invoker.java:851)
	at org.testng.internal.Invoker.invokeTestMethods(Invoker.java:1177)
	at org.testng.internal.TestMethodWorker.invokeTestMethods(TestMethodWorker.java:129)
	at org.testng.internal.TestMethodWorker.run(TestMethodWorker.java:112)
	at org.testng.TestRunner.privateRun(TestRunner.java:756)
	at org.testng.TestRunner.run(TestRunner.java:610)
	at org.testng.SuiteRunner.runTest(SuiteRunner.java:387)
	at org.testng.SuiteRunner.runSequentially(SuiteRunner.java:382)
	at org.testng.SuiteRunner.privateRun(SuiteRunner.java:340)
	at org.testng.SuiteRunner.run(SuiteRunner.java:289)
	at org.testng.SuiteRunnerWorker.runSuite(SuiteRunnerWorker.java:52)
	at org.testng.SuiteRunnerWorker.run(SuiteRunnerWorker.java:86)
	at org.testng.TestNG.runSuitesSequentially(TestNG.java:1293)
	at org.testng.TestNG.runSuitesLocally(TestNG.java:1218)
	at org.testng.TestNG.runSuites(TestNG.java:1133)
	at org.testng.TestNG.run(TestNG.java:1104)
	at org.testng.remote.AbstractRemoteTestNG.run(AbstractRemoteTestNG.java:132)
	at org.testng.remote.RemoteTestNG.initAndRun(RemoteTestNG.java:236)
	at org.testng.remote.RemoteTestNG.main(RemoteTestNG.java:81)

</div> <!-- stack-trace -->
                </div> <!-- method-content -->
              </div> <!-- method -->
              <div class="method">
                <div class="method-content">
                  <a name="LoginDependentMethod">
                  </a> <!-- LoginDependentMethod -->
                  <span class="method-name">LoginDependentMethod</span>
                  <div class="stack-trace">org.openqa.selenium.NoSuchElementException: Unable to locate element: //input[@placeholder=&apos;Email&apos;]
For documentation on this error, please visit: http://seleniumhq.org/exceptions/no_such_element.html
Build info: version: &apos;unknown&apos;, revision: &apos;1969d75&apos;, time: &apos;2016-10-18 09:43:45 -0700&apos;
System info: host: &apos;anita-X550LD&apos;, ip: &apos;127.0.1.1&apos;, os.name: &apos;Linux&apos;, os.arch: &apos;amd64&apos;, os.version: &apos;4.4.0-65-generic&apos;, java.version: &apos;1.8.0_121&apos;
Driver info: org.openqa.selenium.firefox.FirefoxDriver
Capabilities [{rotatable=false, raisesAccessibilityExceptions=false, marionette=true, firefoxOptions={args=[], prefs={}}, appBuildId=20170201180315, version=, platform=LINUX, proxy={}, command_id=1, specificationLevel=0, acceptSslCerts=false, processId=2880, browserVersion=51.0.1, platformVersion=4.4.0-65-generic, XULappId={ec8030f7-c20a-464f-9b0e-13a3a9e97384}, browserName=firefox, takesScreenshot=true, takesElementScreenshot=true, platformName=linux}]
Session ID: a39b3af6-52bb-4e35-981d-6e946eafa230
*** Element info: {Using=xpath, value=//input[@placeholder=&apos;Email&apos;]}
	at sun.reflect.NativeConstructorAccessorImpl.newInstance0(Native Method)
	at sun.reflect.NativeConstructorAccessorImpl.newInstance(NativeConstructorAccessorImpl.java:62)
	at sun.reflect.DelegatingConstructorAccessorImpl.newInstance(DelegatingConstructorAccessorImpl.java:45)
	at java.lang.reflect.Constructor.newInstance(Constructor.java:423)
	at org.openqa.selenium.remote.http.W3CHttpResponseCodec.createException(W3CHttpResponseCodec.java:127)
	at org.openqa.selenium.remote.http.W3CHttpResponseCodec.decode(W3CHttpResponseCodec.java:93)
	at org.openqa.selenium.remote.http.W3CHttpResponseCodec.decode(W3CHttpResponseCodec.java:42)
	at org.openqa.selenium.remote.HttpCommandExecutor.execute(HttpCommandExecutor.java:163)
	at org.openqa.selenium.remote.service.DriverCommandExecutor.execute(DriverCommandExecutor.java:82)
	at org.openqa.selenium.remote.RemoteWebDriver.execute(RemoteWebDriver.java:601)
	at org.openqa.selenium.remote.RemoteWebDriver.findElement(RemoteWebDriver.java:368)
	at org.openqa.selenium.remote.RemoteWebDriver.findElementByXPath(RemoteWebDriver.java:473)
	at org.openqa.selenium.By$ByXPath.findElement(By.java:361)
	at org.openqa.selenium.remote.RemoteWebDriver.findElement(RemoteWebDriver.java:360)
	at org.openqa.selenium.support.pagefactory.DefaultElementLocator.findElement(DefaultElementLocator.java:69)
	at org.openqa.selenium.support.pagefactory.internal.LocatingElementHandler.invoke(LocatingElementHandler.java:38)
	at com.sun.proxy.$Proxy9.clear(Unknown Source)
	at com.regression.agileHats.Login.clearLoginFields(Login.java:208)
	at com.regression.agileHats.Tests.LoginDependentMethod(Tests.java:649)
	at sun.reflect.NativeMethodAccessorImpl.invoke0(Native Method)
	at sun.reflect.NativeMethodAccessorImpl.invoke(NativeMethodAccessorImpl.java:62)
	at sun.reflect.DelegatingMethodAccessorImpl.invoke(DelegatingMethodAccessorImpl.java:43)
	at java.lang.reflect.Method.invoke(Method.java:498)
	at org.testng.internal.MethodInvocationHelper.invokeMethod(MethodInvocationHelper.java:104)
	at org.testng.internal.Invoker.invokeMethod(Invoker.java:645)
	at org.testng.internal.Invoker.invokeTestMethod(Invoker.java:851)
	at org.testng.internal.Invoker.invokeTestMethods(Invoker.java:1177)
	at org.testng.internal.TestMethodWorker.invokeTestMethods(TestMethodWorker.java:129)
	at org.testng.internal.TestMethodWorker.run(TestMethodWorker.java:112)
	at org.testng.TestRunner.privateRun(TestRunner.java:756)
	at org.testng.TestRunner.run(TestRunner.java:610)
	at org.testng.SuiteRunner.runTest(SuiteRunner.java:387)
	at org.testng.SuiteRunner.runSequentially(SuiteRunner.java:382)
	at org.testng.SuiteRunner.privateRun(SuiteRunner.java:340)
	at org.testng.SuiteRunner.run(SuiteRunner.java:289)
	at org.testng.SuiteRunnerWorker.runSuite(SuiteRunnerWorker.java:52)
	at org.testng.SuiteRunnerWorker.run(SuiteRunnerWorker.java:86)
	at org.testng.TestNG.runSuitesSequentially(TestNG.java:1293)
	at org.testng.TestNG.runSuitesLocally(TestNG.java:1218)
	at org.testng.TestNG.runSuites(TestNG.java:1133)
	at org.testng.TestNG.run(TestNG.java:1104)
	at org.testng.remote.AbstractRemoteTestNG.run(AbstractRemoteTestNG.java:132)
	at org.testng.remote.RemoteTestNG.initAndRun(RemoteTestNG.java:236)
	at org.testng.remote.RemoteTestNG.main(RemoteTestNG.java:81)

</div> <!-- stack-trace -->
                </div> <!-- method-content -->
              </div> <!-- method -->
              <div class="method">
                <div class="method-content">
                  <a name="VideoUploadTEST">
                  </a> <!-- VideoUploadTEST -->
                  <span class="method-name">VideoUploadTEST</span>
                  <div class="stack-trace">org.openqa.selenium.NoSuchElementException: Unable to locate element: //input[@placeholder=&apos;Email&apos;]
For documentation on this error, please visit: http://seleniumhq.org/exceptions/no_such_element.html
Build info: version: &apos;unknown&apos;, revision: &apos;1969d75&apos;, time: &apos;2016-10-18 09:43:45 -0700&apos;
System info: host: &apos;anita-X550LD&apos;, ip: &apos;127.0.1.1&apos;, os.name: &apos;Linux&apos;, os.arch: &apos;amd64&apos;, os.version: &apos;4.4.0-65-generic&apos;, java.version: &apos;1.8.0_121&apos;
Driver info: org.openqa.selenium.firefox.FirefoxDriver
Capabilities [{rotatable=false, raisesAccessibilityExceptions=false, marionette=true, firefoxOptions={args=[], prefs={}}, appBuildId=20170201180315, version=, platform=LINUX, proxy={}, command_id=1, specificationLevel=0, acceptSslCerts=false, processId=2880, browserVersion=51.0.1, platformVersion=4.4.0-65-generic, XULappId={ec8030f7-c20a-464f-9b0e-13a3a9e97384}, browserName=firefox, takesScreenshot=true, takesElementScreenshot=true, platformName=linux}]
Session ID: a39b3af6-52bb-4e35-981d-6e946eafa230
*** Element info: {Using=xpath, value=//input[@placeholder=&apos;Email&apos;]}
	at sun.reflect.NativeConstructorAccessorImpl.newInstance0(Native Method)
	at sun.reflect.NativeConstructorAccessorImpl.newInstance(NativeConstructorAccessorImpl.java:62)
	at sun.reflect.DelegatingConstructorAccessorImpl.newInstance(DelegatingConstructorAccessorImpl.java:45)
	at java.lang.reflect.Constructor.newInstance(Constructor.java:423)
	at org.openqa.selenium.remote.http.W3CHttpResponseCodec.createException(W3CHttpResponseCodec.java:127)
	at org.openqa.selenium.remote.http.W3CHttpResponseCodec.decode(W3CHttpResponseCodec.java:93)
	at org.openqa.selenium.remote.http.W3CHttpResponseCodec.decode(W3CHttpResponseCodec.java:42)
	at org.openqa.selenium.remote.HttpCommandExecutor.execute(HttpCommandExecutor.java:163)
	at org.openqa.selenium.remote.service.DriverCommandExecutor.execute(DriverCommandExecutor.java:82)
	at org.openqa.selenium.remote.RemoteWebDriver.execute(RemoteWebDriver.java:601)
	at org.openqa.selenium.remote.RemoteWebDriver.findElement(RemoteWebDriver.java:368)
	at org.openqa.selenium.remote.RemoteWebDriver.findElementByXPath(RemoteWebDriver.java:473)
	at org.openqa.selenium.By$ByXPath.findElement(By.java:361)
	at org.openqa.selenium.remote.RemoteWebDriver.findElement(RemoteWebDriver.java:360)
	at org.openqa.selenium.support.pagefactory.DefaultElementLocator.findElement(DefaultElementLocator.java:69)
	at org.openqa.selenium.support.pagefactory.internal.LocatingElementHandler.invoke(LocatingElementHandler.java:38)
	at com.sun.proxy.$Proxy9.clear(Unknown Source)
	at com.regression.agileHats.Login.clearLoginFields(Login.java:208)
	at com.regression.agileHats.Tests.VideoUploadTEST(Tests.java:542)
	at sun.reflect.NativeMethodAccessorImpl.invoke0(Native Method)
	at sun.reflect.NativeMethodAccessorImpl.invoke(NativeMethodAccessorImpl.java:62)
	at sun.reflect.DelegatingMethodAccessorImpl.invoke(DelegatingMethodAccessorImpl.java:43)
	at java.lang.reflect.Method.invoke(Method.java:498)
	at org.testng.internal.MethodInvocationHelper.invokeMethod(MethodInvocationHelper.java:104)
	at org.testng.internal.Invoker.invokeMethod(Invoker.java:645)
	at org.testng.internal.Invoker.invokeTestMethod(Invoker.java:851)
	at org.testng.internal.Invoker.invokeTestMethods(Invoker.java:1177)
	at org.testng.internal.TestMethodWorker.invokeTestMethods(TestMethodWorker.java:129)
	at org.testng.internal.TestMethodWorker.run(TestMethodWorker.java:112)
	at org.testng.TestRunner.privateRun(TestRunner.java:756)
	at org.testng.TestRunner.run(TestRunner.java:610)
	at org.testng.SuiteRunner.runTest(SuiteRunner.java:387)
	at org.testng.SuiteRunner.runSequentially(SuiteRunner.java:382)
	at org.testng.SuiteRunner.privateRun(SuiteRunner.java:340)
	at org.testng.SuiteRunner.run(SuiteRunner.java:289)
	at org.testng.SuiteRunnerWorker.runSuite(SuiteRunnerWorker.java:52)
	at org.testng.SuiteRunnerWorker.run(SuiteRunnerWorker.java:86)
	at org.testng.TestNG.runSuitesSequentially(TestNG.java:1293)
	at org.testng.TestNG.runSuitesLocally(TestNG.java:1218)
	at org.testng.TestNG.runSuites(TestNG.java:1133)
	at org.testng.TestNG.run(TestNG.java:1104)
	at org.testng.remote.AbstractRemoteTestNG.run(AbstractRemoteTestNG.java:132)
	at org.testng.remote.RemoteTestNG.initAndRun(RemoteTestNG.java:236)
	at org.testng.remote.RemoteTestNG.main(RemoteTestNG.java:81)

</div> <!-- stack-trace -->
                </div> <!-- method-content -->
              </div> <!-- method -->
              <div class="method">
                <div class="method-content">
                  <a name="cancelCreateProjectWithNoInputs">
                  </a> <!-- cancelCreateProjectWithNoInputs -->
                  <span class="method-name">cancelCreateProjectWithNoInputs</span>
                  <div class="stack-trace">org.openqa.selenium.NoSuchElementException: Unable to locate element: //input[@placeholder=&apos;Email&apos;]
For documentation on this error, please visit: http://seleniumhq.org/exceptions/no_such_element.html
Build info: version: &apos;unknown&apos;, revision: &apos;1969d75&apos;, time: &apos;2016-10-18 09:43:45 -0700&apos;
System info: host: &apos;anita-X550LD&apos;, ip: &apos;127.0.1.1&apos;, os.name: &apos;Linux&apos;, os.arch: &apos;amd64&apos;, os.version: &apos;4.4.0-65-generic&apos;, java.version: &apos;1.8.0_121&apos;
Driver info: org.openqa.selenium.firefox.FirefoxDriver
Capabilities [{rotatable=false, raisesAccessibilityExceptions=false, marionette=true, firefoxOptions={args=[], prefs={}}, appBuildId=20170201180315, version=, platform=LINUX, proxy={}, command_id=1, specificationLevel=0, acceptSslCerts=false, processId=2880, browserVersion=51.0.1, platformVersion=4.4.0-65-generic, XULappId={ec8030f7-c20a-464f-9b0e-13a3a9e97384}, browserName=firefox, takesScreenshot=true, takesElementScreenshot=true, platformName=linux}]
Session ID: a39b3af6-52bb-4e35-981d-6e946eafa230
*** Element info: {Using=xpath, value=//input[@placeholder=&apos;Email&apos;]}
	at sun.reflect.NativeConstructorAccessorImpl.newInstance0(Native Method)
	at sun.reflect.NativeConstructorAccessorImpl.newInstance(NativeConstructorAccessorImpl.java:62)
	at sun.reflect.DelegatingConstructorAccessorImpl.newInstance(DelegatingConstructorAccessorImpl.java:45)
	at java.lang.reflect.Constructor.newInstance(Constructor.java:423)
	at org.openqa.selenium.remote.http.W3CHttpResponseCodec.createException(W3CHttpResponseCodec.java:127)
	at org.openqa.selenium.remote.http.W3CHttpResponseCodec.decode(W3CHttpResponseCodec.java:93)
	at org.openqa.selenium.remote.http.W3CHttpResponseCodec.decode(W3CHttpResponseCodec.java:42)
	at org.openqa.selenium.remote.HttpCommandExecutor.execute(HttpCommandExecutor.java:163)
	at org.openqa.selenium.remote.service.DriverCommandExecutor.execute(DriverCommandExecutor.java:82)
	at org.openqa.selenium.remote.RemoteWebDriver.execute(RemoteWebDriver.java:601)
	at org.openqa.selenium.remote.RemoteWebDriver.findElement(RemoteWebDriver.java:368)
	at org.openqa.selenium.remote.RemoteWebDriver.findElementByXPath(RemoteWebDriver.java:473)
	at org.openqa.selenium.By$ByXPath.findElement(By.java:361)
	at org.openqa.selenium.remote.RemoteWebDriver.findElement(RemoteWebDriver.java:360)
	at org.openqa.selenium.support.pagefactory.DefaultElementLocator.findElement(DefaultElementLocator.java:69)
	at org.openqa.selenium.support.pagefactory.internal.LocatingElementHandler.invoke(LocatingElementHandler.java:38)
	at com.sun.proxy.$Proxy9.clear(Unknown Source)
	at com.regression.agileHats.Login.clearLoginFields(Login.java:208)
	at com.regression.agileHats.Tests.cancelCreateProjectWithNoInputs(Tests.java:490)
	at sun.reflect.NativeMethodAccessorImpl.invoke0(Native Method)
	at sun.reflect.NativeMethodAccessorImpl.invoke(NativeMethodAccessorImpl.java:62)
	at sun.reflect.DelegatingMethodAccessorImpl.invoke(DelegatingMethodAccessorImpl.java:43)
	at java.lang.reflect.Method.invoke(Method.java:498)
	at org.testng.internal.MethodInvocationHelper.invokeMethod(MethodInvocationHelper.java:104)
	at org.testng.internal.Invoker.invokeMethod(Invoker.java:645)
	at org.testng.internal.Invoker.invokeTestMethod(Invoker.java:851)
	at org.testng.internal.Invoker.invokeTestMethods(Invoker.java:1177)
	at org.testng.internal.TestMethodWorker.invokeTestMethods(TestMethodWorker.java:129)
	at org.testng.internal.TestMethodWorker.run(TestMethodWorker.java:112)
	at org.testng.TestRunner.privateRun(TestRunner.java:756)
	at org.testng.TestRunner.run(TestRunner.java:610)
	at org.testng.SuiteRunner.runTest(SuiteRunner.java:387)
	at org.testng.SuiteRunner.runSequentially(SuiteRunner.java:382)
	at org.testng.SuiteRunner.privateRun(SuiteRunner.java:340)
	at org.testng.SuiteRunner.run(SuiteRunner.java:289)
	at org.testng.SuiteRunnerWorker.runSuite(SuiteRunnerWorker.java:52)
	at org.testng.SuiteRunnerWorker.run(SuiteRunnerWorker.java:86)
	at org.testng.TestNG.runSuitesSequentially(TestNG.java:1293)
	at org.testng.TestNG.runSuitesLocally(TestNG.java:1218)
	at org.testng.TestNG.runSuites(TestNG.java:1133)
	at org.testng.TestNG.run(TestNG.java:1104)
	at org.testng.remote.AbstractRemoteTestNG.run(AbstractRemoteTestNG.java:132)
	at org.testng.remote.RemoteTestNG.initAndRun(RemoteTestNG.java:236)
	at org.testng.remote.RemoteTestNG.main(RemoteTestNG.java:81)

</div> <!-- stack-trace -->
                </div> <!-- method-content -->
              </div> <!-- method -->
              <div class="method">
                <div class="method-content">
                  <a name="createFundingProjectValid">
                  </a> <!-- createFundingProjectValid -->
                  <span class="method-name">createFundingProjectValid</span>
                  <div class="stack-trace">org.openqa.selenium.NoSuchElementException: Unable to locate element: //input[@placeholder=&apos;Email&apos;]
For documentation on this error, please visit: http://seleniumhq.org/exceptions/no_such_element.html
Build info: version: &apos;unknown&apos;, revision: &apos;1969d75&apos;, time: &apos;2016-10-18 09:43:45 -0700&apos;
System info: host: &apos;anita-X550LD&apos;, ip: &apos;127.0.1.1&apos;, os.name: &apos;Linux&apos;, os.arch: &apos;amd64&apos;, os.version: &apos;4.4.0-65-generic&apos;, java.version: &apos;1.8.0_121&apos;
Driver info: org.openqa.selenium.firefox.FirefoxDriver
Capabilities [{rotatable=false, raisesAccessibilityExceptions=false, marionette=true, firefoxOptions={args=[], prefs={}}, appBuildId=20170201180315, version=, platform=LINUX, proxy={}, command_id=1, specificationLevel=0, acceptSslCerts=false, processId=2880, browserVersion=51.0.1, platformVersion=4.4.0-65-generic, XULappId={ec8030f7-c20a-464f-9b0e-13a3a9e97384}, browserName=firefox, takesScreenshot=true, takesElementScreenshot=true, platformName=linux}]
Session ID: a39b3af6-52bb-4e35-981d-6e946eafa230
*** Element info: {Using=xpath, value=//input[@placeholder=&apos;Email&apos;]}
	at sun.reflect.NativeConstructorAccessorImpl.newInstance0(Native Method)
	at sun.reflect.NativeConstructorAccessorImpl.newInstance(NativeConstructorAccessorImpl.java:62)
	at sun.reflect.DelegatingConstructorAccessorImpl.newInstance(DelegatingConstructorAccessorImpl.java:45)
	at java.lang.reflect.Constructor.newInstance(Constructor.java:423)
	at org.openqa.selenium.remote.http.W3CHttpResponseCodec.createException(W3CHttpResponseCodec.java:127)
	at org.openqa.selenium.remote.http.W3CHttpResponseCodec.decode(W3CHttpResponseCodec.java:93)
	at org.openqa.selenium.remote.http.W3CHttpResponseCodec.decode(W3CHttpResponseCodec.java:42)
	at org.openqa.selenium.remote.HttpCommandExecutor.execute(HttpCommandExecutor.java:163)
	at org.openqa.selenium.remote.service.DriverCommandExecutor.execute(DriverCommandExecutor.java:82)
	at org.openqa.selenium.remote.RemoteWebDriver.execute(RemoteWebDriver.java:601)
	at org.openqa.selenium.remote.RemoteWebDriver.findElement(RemoteWebDriver.java:368)
	at org.openqa.selenium.remote.RemoteWebDriver.findElementByXPath(RemoteWebDriver.java:473)
	at org.openqa.selenium.By$ByXPath.findElement(By.java:361)
	at org.openqa.selenium.remote.RemoteWebDriver.findElement(RemoteWebDriver.java:360)
	at org.openqa.selenium.support.pagefactory.DefaultElementLocator.findElement(DefaultElementLocator.java:69)
	at org.openqa.selenium.support.pagefactory.internal.LocatingElementHandler.invoke(LocatingElementHandler.java:38)
	at com.sun.proxy.$Proxy9.clear(Unknown Source)
	at com.regression.agileHats.Login.clearLoginFields(Login.java:208)
	at com.regression.agileHats.Tests.createFundingProjectValid(Tests.java:508)
	at sun.reflect.NativeMethodAccessorImpl.invoke0(Native Method)
	at sun.reflect.NativeMethodAccessorImpl.invoke(NativeMethodAccessorImpl.java:62)
	at sun.reflect.DelegatingMethodAccessorImpl.invoke(DelegatingMethodAccessorImpl.java:43)
	at java.lang.reflect.Method.invoke(Method.java:498)
	at org.testng.internal.MethodInvocationHelper.invokeMethod(MethodInvocationHelper.java:104)
	at org.testng.internal.Invoker.invokeMethod(Invoker.java:645)
	at org.testng.internal.Invoker.invokeTestMethod(Invoker.java:851)
	at org.testng.internal.Invoker.invokeTestMethods(Invoker.java:1177)
	at org.testng.internal.TestMethodWorker.invokeTestMethods(TestMethodWorker.java:129)
	at org.testng.internal.TestMethodWorker.run(TestMethodWorker.java:112)
	at org.testng.TestRunner.privateRun(TestRunner.java:756)
	at org.testng.TestRunner.run(TestRunner.java:610)
	at org.testng.SuiteRunner.runTest(SuiteRunner.java:387)
	at org.testng.SuiteRunner.runSequentially(SuiteRunner.java:382)
	at org.testng.SuiteRunner.privateRun(SuiteRunner.java:340)
	at org.testng.SuiteRunner.run(SuiteRunner.java:289)
	at org.testng.SuiteRunnerWorker.runSuite(SuiteRunnerWorker.java:52)
	at org.testng.SuiteRunnerWorker.run(SuiteRunnerWorker.java:86)
	at org.testng.TestNG.runSuitesSequentially(TestNG.java:1293)
	at org.testng.TestNG.runSuitesLocally(TestNG.java:1218)
	at org.testng.TestNG.runSuites(TestNG.java:1133)
	at org.testng.TestNG.run(TestNG.java:1104)
	at org.testng.remote.AbstractRemoteTestNG.run(AbstractRemoteTestNG.java:132)
	at org.testng.remote.RemoteTestNG.initAndRun(RemoteTestNG.java:236)
	at org.testng.remote.RemoteTestNG.main(RemoteTestNG.java:81)

</div> <!-- stack-trace -->
                </div> <!-- method-content -->
              </div> <!-- method -->
              <div class="method">
                <div class="method-content">
                  <a name="createProjectBlankFields">
                  </a> <!-- createProjectBlankFields -->
                  <span class="method-name">createProjectBlankFields</span>
                  <div class="stack-trace">org.openqa.selenium.NoSuchElementException: Unable to locate element: //input[@placeholder=&apos;Email&apos;]
For documentation on this error, please visit: http://seleniumhq.org/exceptions/no_such_element.html
Build info: version: &apos;unknown&apos;, revision: &apos;1969d75&apos;, time: &apos;2016-10-18 09:43:45 -0700&apos;
System info: host: &apos;anita-X550LD&apos;, ip: &apos;127.0.1.1&apos;, os.name: &apos;Linux&apos;, os.arch: &apos;amd64&apos;, os.version: &apos;4.4.0-65-generic&apos;, java.version: &apos;1.8.0_121&apos;
Driver info: org.openqa.selenium.firefox.FirefoxDriver
Capabilities [{rotatable=false, raisesAccessibilityExceptions=false, marionette=true, firefoxOptions={args=[], prefs={}}, appBuildId=20170201180315, version=, platform=LINUX, proxy={}, command_id=1, specificationLevel=0, acceptSslCerts=false, processId=2880, browserVersion=51.0.1, platformVersion=4.4.0-65-generic, XULappId={ec8030f7-c20a-464f-9b0e-13a3a9e97384}, browserName=firefox, takesScreenshot=true, takesElementScreenshot=true, platformName=linux}]
Session ID: a39b3af6-52bb-4e35-981d-6e946eafa230
*** Element info: {Using=xpath, value=//input[@placeholder=&apos;Email&apos;]}
	at sun.reflect.NativeConstructorAccessorImpl.newInstance0(Native Method)
	at sun.reflect.NativeConstructorAccessorImpl.newInstance(NativeConstructorAccessorImpl.java:62)
	at sun.reflect.DelegatingConstructorAccessorImpl.newInstance(DelegatingConstructorAccessorImpl.java:45)
	at java.lang.reflect.Constructor.newInstance(Constructor.java:423)
	at org.openqa.selenium.remote.http.W3CHttpResponseCodec.createException(W3CHttpResponseCodec.java:127)
	at org.openqa.selenium.remote.http.W3CHttpResponseCodec.decode(W3CHttpResponseCodec.java:93)
	at org.openqa.selenium.remote.http.W3CHttpResponseCodec.decode(W3CHttpResponseCodec.java:42)
	at org.openqa.selenium.remote.HttpCommandExecutor.execute(HttpCommandExecutor.java:163)
	at org.openqa.selenium.remote.service.DriverCommandExecutor.execute(DriverCommandExecutor.java:82)
	at org.openqa.selenium.remote.RemoteWebDriver.execute(RemoteWebDriver.java:601)
	at org.openqa.selenium.remote.RemoteWebDriver.findElement(RemoteWebDriver.java:368)
	at org.openqa.selenium.remote.RemoteWebDriver.findElementByXPath(RemoteWebDriver.java:473)
	at org.openqa.selenium.By$ByXPath.findElement(By.java:361)
	at org.openqa.selenium.remote.RemoteWebDriver.findElement(RemoteWebDriver.java:360)
	at org.openqa.selenium.support.pagefactory.DefaultElementLocator.findElement(DefaultElementLocator.java:69)
	at org.openqa.selenium.support.pagefactory.internal.LocatingElementHandler.invoke(LocatingElementHandler.java:38)
	at com.sun.proxy.$Proxy9.clear(Unknown Source)
	at com.regression.agileHats.Login.clearLoginFields(Login.java:208)
	at com.regression.agileHats.Tests.createProjectBlankFields(Tests.java:470)
	at sun.reflect.NativeMethodAccessorImpl.invoke0(Native Method)
	at sun.reflect.NativeMethodAccessorImpl.invoke(NativeMethodAccessorImpl.java:62)
	at sun.reflect.DelegatingMethodAccessorImpl.invoke(DelegatingMethodAccessorImpl.java:43)
	at java.lang.reflect.Method.invoke(Method.java:498)
	at org.testng.internal.MethodInvocationHelper.invokeMethod(MethodInvocationHelper.java:104)
	at org.testng.internal.Invoker.invokeMethod(Invoker.java:645)
	at org.testng.internal.Invoker.invokeTestMethod(Invoker.java:851)
	at org.testng.internal.Invoker.invokeTestMethods(Invoker.java:1177)
	at org.testng.internal.TestMethodWorker.invokeTestMethods(TestMethodWorker.java:129)
	at org.testng.internal.TestMethodWorker.run(TestMethodWorker.java:112)
	at org.testng.TestRunner.privateRun(TestRunner.java:756)
	at org.testng.TestRunner.run(TestRunner.java:610)
	at org.testng.SuiteRunner.runTest(SuiteRunner.java:387)
	at org.testng.SuiteRunner.runSequentially(SuiteRunner.java:382)
	at org.testng.SuiteRunner.privateRun(SuiteRunner.java:340)
	at org.testng.SuiteRunner.run(SuiteRunner.java:289)
	at org.testng.SuiteRunnerWorker.runSuite(SuiteRunnerWorker.java:52)
	at org.testng.SuiteRunnerWorker.run(SuiteRunnerWorker.java:86)
	at org.testng.TestNG.runSuitesSequentially(TestNG.java:1293)
	at org.testng.TestNG.runSuitesLocally(TestNG.java:1218)
	at org.testng.TestNG.runSuites(TestNG.java:1133)
	at org.testng.TestNG.run(TestNG.java:1104)
	at org.testng.remote.AbstractRemoteTestNG.run(AbstractRemoteTestNG.java:132)
	at org.testng.remote.RemoteTestNG.initAndRun(RemoteTestNG.java:236)
	at org.testng.remote.RemoteTestNG.main(RemoteTestNG.java:81)

</div> <!-- stack-trace -->
                </div> <!-- method-content -->
              </div> <!-- method -->
              <div class="method">
                <div class="method-content">
                  <a name="createProjectValid">
                  </a> <!-- createProjectValid -->
                  <span class="method-name">createProjectValid</span>
                  <div class="stack-trace">FindFailed: can not find src/resources/slika1.png in S(0)[0,0 1366x768]
  Line 2189, in file Region.java

	at org.sikuli.script.Region.handleFindFailedShowDialog(Region.java:2189)
	at org.sikuli.script.Region.handleFindFailed(Region.java:2134)
	at org.sikuli.script.Region.wait(Region.java:2546)
	at org.sikuli.script.Region.find(Region.java:2205)
	at org.sikuli.script.Region.getLocationFromTarget(Region.java:3067)
	at org.sikuli.script.Region.click(Region.java:3534)
	at org.sikuli.script.Region.click(Region.java:3519)
	at com.regression.agileHats.CreateProject.clickUploadButton(CreateProject.java:251)
	at com.regression.agileHats.Tests.createProjectValid(Tests.java:437)
	at sun.reflect.NativeMethodAccessorImpl.invoke0(Native Method)
	at sun.reflect.NativeMethodAccessorImpl.invoke(NativeMethodAccessorImpl.java:62)
	at sun.reflect.DelegatingMethodAccessorImpl.invoke(DelegatingMethodAccessorImpl.java:43)
	at java.lang.reflect.Method.invoke(Method.java:498)
	at org.testng.internal.MethodInvocationHelper.invokeMethod(MethodInvocationHelper.java:104)
	at org.testng.internal.Invoker.invokeMethod(Invoker.java:645)
	at org.testng.internal.Invoker.invokeTestMethod(Invoker.java:851)
	at org.testng.internal.Invoker.invokeTestMethods(Invoker.java:1177)
	at org.testng.internal.TestMethodWorker.invokeTestMethods(TestMethodWorker.java:129)
	at org.testng.internal.TestMethodWorker.run(TestMethodWorker.java:112)
	at org.testng.TestRunner.privateRun(TestRunner.java:756)
	at org.testng.TestRunner.run(TestRunner.java:610)
	at org.testng.SuiteRunner.runTest(SuiteRunner.java:387)
	at org.testng.SuiteRunner.runSequentially(SuiteRunner.java:382)
	at org.testng.SuiteRunner.privateRun(SuiteRunner.java:340)
	at org.testng.SuiteRunner.run(SuiteRunner.java:289)
	at org.testng.SuiteRunnerWorker.runSuite(SuiteRunnerWorker.java:52)
	at org.testng.SuiteRunnerWorker.run(SuiteRunnerWorker.java:86)
	at org.testng.TestNG.runSuitesSequentially(TestNG.java:1293)
	at org.testng.TestNG.runSuitesLocally(TestNG.java:1218)
	at org.testng.TestNG.runSuites(TestNG.java:1133)
	at org.testng.TestNG.run(TestNG.java:1104)
	at org.testng.remote.AbstractRemoteTestNG.run(AbstractRemoteTestNG.java:132)
	at org.testng.remote.RemoteTestNG.initAndRun(RemoteTestNG.java:236)
	at org.testng.remote.RemoteTestNG.main(RemoteTestNG.java:81)

</div> <!-- stack-trace -->
                </div> <!-- method-content -->
              </div> <!-- method -->
              <div class="method">
                <div class="method-content">
                  <a name="createResponsibilityBlankFields">
                  </a> <!-- createResponsibilityBlankFields -->
                  <span class="method-name">createResponsibilityBlankFields</span>
                  <div class="stack-trace">org.openqa.selenium.NoSuchElementException: Unable to locate element: //input[@placeholder=&apos;Email&apos;]
For documentation on this error, please visit: http://seleniumhq.org/exceptions/no_such_element.html
Build info: version: &apos;unknown&apos;, revision: &apos;1969d75&apos;, time: &apos;2016-10-18 09:43:45 -0700&apos;
System info: host: &apos;anita-X550LD&apos;, ip: &apos;127.0.1.1&apos;, os.name: &apos;Linux&apos;, os.arch: &apos;amd64&apos;, os.version: &apos;4.4.0-65-generic&apos;, java.version: &apos;1.8.0_121&apos;
Driver info: org.openqa.selenium.firefox.FirefoxDriver
Capabilities [{rotatable=false, raisesAccessibilityExceptions=false, marionette=true, firefoxOptions={args=[], prefs={}}, appBuildId=20170201180315, version=, platform=LINUX, proxy={}, command_id=1, specificationLevel=0, acceptSslCerts=false, processId=2880, browserVersion=51.0.1, platformVersion=4.4.0-65-generic, XULappId={ec8030f7-c20a-464f-9b0e-13a3a9e97384}, browserName=firefox, takesScreenshot=true, takesElementScreenshot=true, platformName=linux}]
Session ID: a39b3af6-52bb-4e35-981d-6e946eafa230
*** Element info: {Using=xpath, value=//input[@placeholder=&apos;Email&apos;]}
	at sun.reflect.NativeConstructorAccessorImpl.newInstance0(Native Method)
	at sun.reflect.NativeConstructorAccessorImpl.newInstance(NativeConstructorAccessorImpl.java:62)
	at sun.reflect.DelegatingConstructorAccessorImpl.newInstance(DelegatingConstructorAccessorImpl.java:45)
	at java.lang.reflect.Constructor.newInstance(Constructor.java:423)
	at org.openqa.selenium.remote.http.W3CHttpResponseCodec.createException(W3CHttpResponseCodec.java:127)
	at org.openqa.selenium.remote.http.W3CHttpResponseCodec.decode(W3CHttpResponseCodec.java:93)
	at org.openqa.selenium.remote.http.W3CHttpResponseCodec.decode(W3CHttpResponseCodec.java:42)
	at org.openqa.selenium.remote.HttpCommandExecutor.execute(HttpCommandExecutor.java:163)
	at org.openqa.selenium.remote.service.DriverCommandExecutor.execute(DriverCommandExecutor.java:82)
	at org.openqa.selenium.remote.RemoteWebDriver.execute(RemoteWebDriver.java:601)
	at org.openqa.selenium.remote.RemoteWebDriver.findElement(RemoteWebDriver.java:368)
	at org.openqa.selenium.remote.RemoteWebDriver.findElementByXPath(RemoteWebDriver.java:473)
	at org.openqa.selenium.By$ByXPath.findElement(By.java:361)
	at org.openqa.selenium.remote.RemoteWebDriver.findElement(RemoteWebDriver.java:360)
	at org.openqa.selenium.support.pagefactory.DefaultElementLocator.findElement(DefaultElementLocator.java:69)
	at org.openqa.selenium.support.pagefactory.internal.LocatingElementHandler.invoke(LocatingElementHandler.java:38)
	at com.sun.proxy.$Proxy9.clear(Unknown Source)
	at com.regression.agileHats.Login.clearLoginFields(Login.java:208)
	at com.regression.agileHats.Tests.createResponsibilityBlankFields(Tests.java:590)
	at sun.reflect.NativeMethodAccessorImpl.invoke0(Native Method)
	at sun.reflect.NativeMethodAccessorImpl.invoke(NativeMethodAccessorImpl.java:62)
	at sun.reflect.DelegatingMethodAccessorImpl.invoke(DelegatingMethodAccessorImpl.java:43)
	at java.lang.reflect.Method.invoke(Method.java:498)
	at org.testng.internal.MethodInvocationHelper.invokeMethod(MethodInvocationHelper.java:104)
	at org.testng.internal.Invoker.invokeMethod(Invoker.java:645)
	at org.testng.internal.Invoker.invokeTestMethod(Invoker.java:851)
	at org.testng.internal.Invoker.invokeTestMethods(Invoker.java:1177)
	at org.testng.internal.TestMethodWorker.invokeTestMethods(TestMethodWorker.java:129)
	at org.testng.internal.TestMethodWorker.run(TestMethodWorker.java:112)
	at org.testng.TestRunner.privateRun(TestRunner.java:756)
	at org.testng.TestRunner.run(TestRunner.java:610)
	at org.testng.SuiteRunner.runTest(SuiteRunner.java:387)
	at org.testng.SuiteRunner.runSequentially(SuiteRunner.java:382)
	at org.testng.SuiteRunner.privateRun(SuiteRunner.java:340)
	at org.testng.SuiteRunner.run(SuiteRunner.java:289)
	at org.testng.SuiteRunnerWorker.runSuite(SuiteRunnerWorker.java:52)
	at org.testng.SuiteRunnerWorker.run(SuiteRunnerWorker.java:86)
	at org.testng.TestNG.runSuitesSequentially(TestNG.java:1293)
	at org.testng.TestNG.runSuitesLocally(TestNG.java:1218)
	at org.testng.TestNG.runSuites(TestNG.java:1133)
	at org.testng.TestNG.run(TestNG.java:1104)
	at org.testng.remote.AbstractRemoteTestNG.run(AbstractRemoteTestNG.java:132)
	at org.testng.remote.RemoteTestNG.initAndRun(RemoteTestNG.java:236)
	at org.testng.remote.RemoteTestNG.main(RemoteTestNG.java:81)

</div> <!-- stack-trace -->
                </div> <!-- method-content -->
              </div> <!-- method -->
              <div class="method">
                <div class="method-content">
                  <a name="createResponsibilityLessThanMinCharacters">
                  </a> <!-- createResponsibilityLessThanMinCharacters -->
                  <span class="method-name">createResponsibilityLessThanMinCharacters</span>
                  <div class="stack-trace">org.openqa.selenium.NoSuchElementException: Unable to locate element: //input[@placeholder=&apos;Email&apos;]
For documentation on this error, please visit: http://seleniumhq.org/exceptions/no_such_element.html
Build info: version: &apos;unknown&apos;, revision: &apos;1969d75&apos;, time: &apos;2016-10-18 09:43:45 -0700&apos;
System info: host: &apos;anita-X550LD&apos;, ip: &apos;127.0.1.1&apos;, os.name: &apos;Linux&apos;, os.arch: &apos;amd64&apos;, os.version: &apos;4.4.0-65-generic&apos;, java.version: &apos;1.8.0_121&apos;
Driver info: org.openqa.selenium.firefox.FirefoxDriver
Capabilities [{rotatable=false, raisesAccessibilityExceptions=false, marionette=true, firefoxOptions={args=[], prefs={}}, appBuildId=20170201180315, version=, platform=LINUX, proxy={}, command_id=1, specificationLevel=0, acceptSslCerts=false, processId=2880, browserVersion=51.0.1, platformVersion=4.4.0-65-generic, XULappId={ec8030f7-c20a-464f-9b0e-13a3a9e97384}, browserName=firefox, takesScreenshot=true, takesElementScreenshot=true, platformName=linux}]
Session ID: a39b3af6-52bb-4e35-981d-6e946eafa230
*** Element info: {Using=xpath, value=//input[@placeholder=&apos;Email&apos;]}
	at sun.reflect.NativeConstructorAccessorImpl.newInstance0(Native Method)
	at sun.reflect.NativeConstructorAccessorImpl.newInstance(NativeConstructorAccessorImpl.java:62)
	at sun.reflect.DelegatingConstructorAccessorImpl.newInstance(DelegatingConstructorAccessorImpl.java:45)
	at java.lang.reflect.Constructor.newInstance(Constructor.java:423)
	at org.openqa.selenium.remote.http.W3CHttpResponseCodec.createException(W3CHttpResponseCodec.java:127)
	at org.openqa.selenium.remote.http.W3CHttpResponseCodec.decode(W3CHttpResponseCodec.java:93)
	at org.openqa.selenium.remote.http.W3CHttpResponseCodec.decode(W3CHttpResponseCodec.java:42)
	at org.openqa.selenium.remote.HttpCommandExecutor.execute(HttpCommandExecutor.java:163)
	at org.openqa.selenium.remote.service.DriverCommandExecutor.execute(DriverCommandExecutor.java:82)
	at org.openqa.selenium.remote.RemoteWebDriver.execute(RemoteWebDriver.java:601)
	at org.openqa.selenium.remote.RemoteWebDriver.findElement(RemoteWebDriver.java:368)
	at org.openqa.selenium.remote.RemoteWebDriver.findElementByXPath(RemoteWebDriver.java:473)
	at org.openqa.selenium.By$ByXPath.findElement(By.java:361)
	at org.openqa.selenium.remote.RemoteWebDriver.findElement(RemoteWebDriver.java:360)
	at org.openqa.selenium.support.pagefactory.DefaultElementLocator.findElement(DefaultElementLocator.java:69)
	at org.openqa.selenium.support.pagefactory.internal.LocatingElementHandler.invoke(LocatingElementHandler.java:38)
	at com.sun.proxy.$Proxy9.clear(Unknown Source)
	at com.regression.agileHats.Login.clearLoginFields(Login.java:208)
	at com.regression.agileHats.Tests.createResponsibilityLessThanMinCharacters(Tests.java:609)
	at sun.reflect.NativeMethodAccessorImpl.invoke0(Native Method)
	at sun.reflect.NativeMethodAccessorImpl.invoke(NativeMethodAccessorImpl.java:62)
	at sun.reflect.DelegatingMethodAccessorImpl.invoke(DelegatingMethodAccessorImpl.java:43)
	at java.lang.reflect.Method.invoke(Method.java:498)
	at org.testng.internal.MethodInvocationHelper.invokeMethod(MethodInvocationHelper.java:104)
	at org.testng.internal.Invoker.invokeMethod(Invoker.java:645)
	at org.testng.internal.Invoker.invokeTestMethod(Invoker.java:851)
	at org.testng.internal.Invoker.invokeTestMethods(Invoker.java:1177)
	at org.testng.internal.TestMethodWorker.invokeTestMethods(TestMethodWorker.java:129)
	at org.testng.internal.TestMethodWorker.run(TestMethodWorker.java:112)
	at org.testng.TestRunner.privateRun(TestRunner.java:756)
	at org.testng.TestRunner.run(TestRunner.java:610)
	at org.testng.SuiteRunner.runTest(SuiteRunner.java:387)
	at org.testng.SuiteRunner.runSequentially(SuiteRunner.java:382)
	at org.testng.SuiteRunner.privateRun(SuiteRunner.java:340)
	at org.testng.SuiteRunner.run(SuiteRunner.java:289)
	at org.testng.SuiteRunnerWorker.runSuite(SuiteRunnerWorker.java:52)
	at org.testng.SuiteRunnerWorker.run(SuiteRunnerWorker.java:86)
	at org.testng.TestNG.runSuitesSequentially(TestNG.java:1293)
	at org.testng.TestNG.runSuitesLocally(TestNG.java:1218)
	at org.testng.TestNG.runSuites(TestNG.java:1133)
	at org.testng.TestNG.run(TestNG.java:1104)
	at org.testng.remote.AbstractRemoteTestNG.run(AbstractRemoteTestNG.java:132)
	at org.testng.remote.RemoteTestNG.initAndRun(RemoteTestNG.java:236)
	at org.testng.remote.RemoteTestNG.main(RemoteTestNG.java:81)

</div> <!-- stack-trace -->
                </div> <!-- method-content -->
              </div> <!-- method -->
              <div class="method">
                <div class="method-content">
                  <a name="createResponsibilityValid">
                  </a> <!-- createResponsibilityValid -->
                  <span class="method-name">createResponsibilityValid</span>
                  <div class="stack-trace">org.openqa.selenium.NoSuchElementException: Unable to locate element: //input[@placeholder=&apos;Email&apos;]
For documentation on this error, please visit: http://seleniumhq.org/exceptions/no_such_element.html
Build info: version: &apos;unknown&apos;, revision: &apos;1969d75&apos;, time: &apos;2016-10-18 09:43:45 -0700&apos;
System info: host: &apos;anita-X550LD&apos;, ip: &apos;127.0.1.1&apos;, os.name: &apos;Linux&apos;, os.arch: &apos;amd64&apos;, os.version: &apos;4.4.0-65-generic&apos;, java.version: &apos;1.8.0_121&apos;
Driver info: org.openqa.selenium.firefox.FirefoxDriver
Capabilities [{rotatable=false, raisesAccessibilityExceptions=false, marionette=true, firefoxOptions={args=[], prefs={}}, appBuildId=20170201180315, version=, platform=LINUX, proxy={}, command_id=1, specificationLevel=0, acceptSslCerts=false, processId=2880, browserVersion=51.0.1, platformVersion=4.4.0-65-generic, XULappId={ec8030f7-c20a-464f-9b0e-13a3a9e97384}, browserName=firefox, takesScreenshot=true, takesElementScreenshot=true, platformName=linux}]
Session ID: a39b3af6-52bb-4e35-981d-6e946eafa230
*** Element info: {Using=xpath, value=//input[@placeholder=&apos;Email&apos;]}
	at sun.reflect.NativeConstructorAccessorImpl.newInstance0(Native Method)
	at sun.reflect.NativeConstructorAccessorImpl.newInstance(NativeConstructorAccessorImpl.java:62)
	at sun.reflect.DelegatingConstructorAccessorImpl.newInstance(DelegatingConstructorAccessorImpl.java:45)
	at java.lang.reflect.Constructor.newInstance(Constructor.java:423)
	at org.openqa.selenium.remote.http.W3CHttpResponseCodec.createException(W3CHttpResponseCodec.java:127)
	at org.openqa.selenium.remote.http.W3CHttpResponseCodec.decode(W3CHttpResponseCodec.java:93)
	at org.openqa.selenium.remote.http.W3CHttpResponseCodec.decode(W3CHttpResponseCodec.java:42)
	at org.openqa.selenium.remote.HttpCommandExecutor.execute(HttpCommandExecutor.java:163)
	at org.openqa.selenium.remote.service.DriverCommandExecutor.execute(DriverCommandExecutor.java:82)
	at org.openqa.selenium.remote.RemoteWebDriver.execute(RemoteWebDriver.java:601)
	at org.openqa.selenium.remote.RemoteWebDriver.findElement(RemoteWebDriver.java:368)
	at org.openqa.selenium.remote.RemoteWebDriver.findElementByXPath(RemoteWebDriver.java:473)
	at org.openqa.selenium.By$ByXPath.findElement(By.java:361)
	at org.openqa.selenium.remote.RemoteWebDriver.findElement(RemoteWebDriver.java:360)
	at org.openqa.selenium.support.pagefactory.DefaultElementLocator.findElement(DefaultElementLocator.java:69)
	at org.openqa.selenium.support.pagefactory.internal.LocatingElementHandler.invoke(LocatingElementHandler.java:38)
	at com.sun.proxy.$Proxy9.clear(Unknown Source)
	at com.regression.agileHats.Login.clearLoginFields(Login.java:208)
	at com.regression.agileHats.Tests.createResponsibilityValid(Tests.java:570)
	at sun.reflect.NativeMethodAccessorImpl.invoke0(Native Method)
	at sun.reflect.NativeMethodAccessorImpl.invoke(NativeMethodAccessorImpl.java:62)
	at sun.reflect.DelegatingMethodAccessorImpl.invoke(DelegatingMethodAccessorImpl.java:43)
	at java.lang.reflect.Method.invoke(Method.java:498)
	at org.testng.internal.MethodInvocationHelper.invokeMethod(MethodInvocationHelper.java:104)
	at org.testng.internal.Invoker.invokeMethod(Invoker.java:645)
	at org.testng.internal.Invoker.invokeTestMethod(Invoker.java:851)
	at org.testng.internal.Invoker.invokeTestMethods(Invoker.java:1177)
	at org.testng.internal.TestMethodWorker.invokeTestMethods(TestMethodWorker.java:129)
	at org.testng.internal.TestMethodWorker.run(TestMethodWorker.java:112)
	at org.testng.TestRunner.privateRun(TestRunner.java:756)
	at org.testng.TestRunner.run(TestRunner.java:610)
	at org.testng.SuiteRunner.runTest(SuiteRunner.java:387)
	at org.testng.SuiteRunner.runSequentially(SuiteRunner.java:382)
	at org.testng.SuiteRunner.privateRun(SuiteRunner.java:340)
	at org.testng.SuiteRunner.run(SuiteRunner.java:289)
	at org.testng.SuiteRunnerWorker.runSuite(SuiteRunnerWorker.java:52)
	at org.testng.SuiteRunnerWorker.run(SuiteRunnerWorker.java:86)
	at org.testng.TestNG.runSuitesSequentially(TestNG.java:1293)
	at org.testng.TestNG.runSuitesLocally(TestNG.java:1218)
	at org.testng.TestNG.runSuites(TestNG.java:1133)
	at org.testng.TestNG.run(TestNG.java:1104)
	at org.testng.remote.AbstractRemoteTestNG.run(AbstractRemoteTestNG.java:132)
	at org.testng.remote.RemoteTestNG.initAndRun(RemoteTestNG.java:236)
	at org.testng.remote.RemoteTestNG.main(RemoteTestNG.java:81)

</div> <!-- stack-trace -->
                </div> <!-- method-content -->
              </div> <!-- method -->
              <div class="method">
                <div class="method-content">
                  <a name="forgotPasswordNonExistingUser">
                  </a> <!-- forgotPasswordNonExistingUser -->
                  <span class="method-name">forgotPasswordNonExistingUser</span>
                  <div class="stack-trace">org.openqa.selenium.NoSuchElementException: Unable to locate element: .//*[@class=&apos;pull-left forgot-link ember-view&apos;]
For documentation on this error, please visit: http://seleniumhq.org/exceptions/no_such_element.html
Build info: version: &apos;unknown&apos;, revision: &apos;1969d75&apos;, time: &apos;2016-10-18 09:43:45 -0700&apos;
System info: host: &apos;anita-X550LD&apos;, ip: &apos;127.0.1.1&apos;, os.name: &apos;Linux&apos;, os.arch: &apos;amd64&apos;, os.version: &apos;4.4.0-65-generic&apos;, java.version: &apos;1.8.0_121&apos;
Driver info: org.openqa.selenium.firefox.FirefoxDriver
Capabilities [{rotatable=false, raisesAccessibilityExceptions=false, marionette=true, firefoxOptions={args=[], prefs={}}, appBuildId=20170201180315, version=, platform=LINUX, proxy={}, command_id=1, specificationLevel=0, acceptSslCerts=false, processId=2880, browserVersion=51.0.1, platformVersion=4.4.0-65-generic, XULappId={ec8030f7-c20a-464f-9b0e-13a3a9e97384}, browserName=firefox, takesScreenshot=true, takesElementScreenshot=true, platformName=linux}]
Session ID: a39b3af6-52bb-4e35-981d-6e946eafa230
*** Element info: {Using=xpath, value=.//*[@class=&apos;pull-left forgot-link ember-view&apos;]}
	at sun.reflect.NativeConstructorAccessorImpl.newInstance0(Native Method)
	at sun.reflect.NativeConstructorAccessorImpl.newInstance(NativeConstructorAccessorImpl.java:62)
	at sun.reflect.DelegatingConstructorAccessorImpl.newInstance(DelegatingConstructorAccessorImpl.java:45)
	at java.lang.reflect.Constructor.newInstance(Constructor.java:423)
	at org.openqa.selenium.remote.http.W3CHttpResponseCodec.createException(W3CHttpResponseCodec.java:127)
	at org.openqa.selenium.remote.http.W3CHttpResponseCodec.decode(W3CHttpResponseCodec.java:93)
	at org.openqa.selenium.remote.http.W3CHttpResponseCodec.decode(W3CHttpResponseCodec.java:42)
	at org.openqa.selenium.remote.HttpCommandExecutor.execute(HttpCommandExecutor.java:163)
	at org.openqa.selenium.remote.service.DriverCommandExecutor.execute(DriverCommandExecutor.java:82)
	at org.openqa.selenium.remote.RemoteWebDriver.execute(RemoteWebDriver.java:601)
	at org.openqa.selenium.remote.RemoteWebDriver.findElement(RemoteWebDriver.java:368)
	at org.openqa.selenium.remote.RemoteWebDriver.findElementByXPath(RemoteWebDriver.java:473)
	at org.openqa.selenium.By$ByXPath.findElement(By.java:361)
	at org.openqa.selenium.remote.RemoteWebDriver.findElement(RemoteWebDriver.java:360)
	at org.openqa.selenium.support.pagefactory.DefaultElementLocator.findElement(DefaultElementLocator.java:69)
	at org.openqa.selenium.support.pagefactory.internal.LocatingElementHandler.invoke(LocatingElementHandler.java:38)
	at com.sun.proxy.$Proxy9.click(Unknown Source)
	at com.regression.agileHats.ForgotPassword.clickForgotPasswordLink(ForgotPassword.java:63)
	at com.regression.agileHats.Tests.forgotPasswordNonExistingUser(Tests.java:628)
	at sun.reflect.NativeMethodAccessorImpl.invoke0(Native Method)
	at sun.reflect.NativeMethodAccessorImpl.invoke(NativeMethodAccessorImpl.java:62)
	at sun.reflect.DelegatingMethodAccessorImpl.invoke(DelegatingMethodAccessorImpl.java:43)
	at java.lang.reflect.Method.invoke(Method.java:498)
	at org.testng.internal.MethodInvocationHelper.invokeMethod(MethodInvocationHelper.java:104)
	at org.testng.internal.Invoker.invokeMethod(Invoker.java:645)
	at org.testng.internal.Invoker.invokeTestMethod(Invoker.java:851)
	at org.testng.internal.Invoker.invokeTestMethods(Invoker.java:1177)
	at org.testng.internal.TestMethodWorker.invokeTestMethods(TestMethodWorker.java:129)
	at org.testng.internal.TestMethodWorker.run(TestMethodWorker.java:112)
	at org.testng.TestRunner.privateRun(TestRunner.java:756)
	at org.testng.TestRunner.run(TestRunner.java:610)
	at org.testng.SuiteRunner.runTest(SuiteRunner.java:387)
	at org.testng.SuiteRunner.runSequentially(SuiteRunner.java:382)
	at org.testng.SuiteRunner.privateRun(SuiteRunner.java:340)
	at org.testng.SuiteRunner.run(SuiteRunner.java:289)
	at org.testng.SuiteRunnerWorker.runSuite(SuiteRunnerWorker.java:52)
	at org.testng.SuiteRunnerWorker.run(SuiteRunnerWorker.java:86)
	at org.testng.TestNG.runSuitesSequentially(TestNG.java:1293)
	at org.testng.TestNG.runSuitesLocally(TestNG.java:1218)
	at org.testng.TestNG.runSuites(TestNG.java:1133)
	at org.testng.TestNG.run(TestNG.java:1104)
	at org.testng.remote.AbstractRemoteTestNG.run(AbstractRemoteTestNG.java:132)
	at org.testng.remote.RemoteTestNG.initAndRun(RemoteTestNG.java:236)
	at org.testng.remote.RemoteTestNG.main(RemoteTestNG.java:81)

</div> <!-- stack-trace -->
                </div> <!-- method-content -->
              </div> <!-- method -->
              <div class="method">
                <div class="method-content">
                  <a name="forgotPasswordTest">
                  </a> <!-- forgotPasswordTest -->
                  <span class="method-name">forgotPasswordTest</span>
                  <div class="stack-trace">org.openqa.selenium.NoSuchElementException: Unable to locate element: .//*[@class=&apos;pull-left forgot-link ember-view&apos;]
For documentation on this error, please visit: http://seleniumhq.org/exceptions/no_such_element.html
Build info: version: &apos;unknown&apos;, revision: &apos;1969d75&apos;, time: &apos;2016-10-18 09:43:45 -0700&apos;
System info: host: &apos;anita-X550LD&apos;, ip: &apos;127.0.1.1&apos;, os.name: &apos;Linux&apos;, os.arch: &apos;amd64&apos;, os.version: &apos;4.4.0-65-generic&apos;, java.version: &apos;1.8.0_121&apos;
Driver info: org.openqa.selenium.firefox.FirefoxDriver
Capabilities [{rotatable=false, raisesAccessibilityExceptions=false, marionette=true, firefoxOptions={args=[], prefs={}}, appBuildId=20170201180315, version=, platform=LINUX, proxy={}, command_id=1, specificationLevel=0, acceptSslCerts=false, processId=2880, browserVersion=51.0.1, platformVersion=4.4.0-65-generic, XULappId={ec8030f7-c20a-464f-9b0e-13a3a9e97384}, browserName=firefox, takesScreenshot=true, takesElementScreenshot=true, platformName=linux}]
Session ID: a39b3af6-52bb-4e35-981d-6e946eafa230
*** Element info: {Using=xpath, value=.//*[@class=&apos;pull-left forgot-link ember-view&apos;]}
	at sun.reflect.NativeConstructorAccessorImpl.newInstance0(Native Method)
	at sun.reflect.NativeConstructorAccessorImpl.newInstance(NativeConstructorAccessorImpl.java:62)
	at sun.reflect.DelegatingConstructorAccessorImpl.newInstance(DelegatingConstructorAccessorImpl.java:45)
	at java.lang.reflect.Constructor.newInstance(Constructor.java:423)
	at org.openqa.selenium.remote.http.W3CHttpResponseCodec.createException(W3CHttpResponseCodec.java:127)
	at org.openqa.selenium.remote.http.W3CHttpResponseCodec.decode(W3CHttpResponseCodec.java:93)
	at org.openqa.selenium.remote.http.W3CHttpResponseCodec.decode(W3CHttpResponseCodec.java:42)
	at org.openqa.selenium.remote.HttpCommandExecutor.execute(HttpCommandExecutor.java:163)
	at org.openqa.selenium.remote.service.DriverCommandExecutor.execute(DriverCommandExecutor.java:82)
	at org.openqa.selenium.remote.RemoteWebDriver.execute(RemoteWebDriver.java:601)
	at org.openqa.selenium.remote.RemoteWebDriver.findElement(RemoteWebDriver.java:368)
	at org.openqa.selenium.remote.RemoteWebDriver.findElementByXPath(RemoteWebDriver.java:473)
	at org.openqa.selenium.By$ByXPath.findElement(By.java:361)
	at org.openqa.selenium.remote.RemoteWebDriver.findElement(RemoteWebDriver.java:360)
	at org.openqa.selenium.support.pagefactory.DefaultElementLocator.findElement(DefaultElementLocator.java:69)
	at org.openqa.selenium.support.pagefactory.internal.LocatingElementHandler.invoke(LocatingElementHandler.java:38)
	at com.sun.proxy.$Proxy9.click(Unknown Source)
	at com.regression.agileHats.ForgotPassword.clickForgotPasswordLink(ForgotPassword.java:63)
	at com.regression.agileHats.Tests.forgotPasswordTest(Tests.java:639)
	at sun.reflect.NativeMethodAccessorImpl.invoke0(Native Method)
	at sun.reflect.NativeMethodAccessorImpl.invoke(NativeMethodAccessorImpl.java:62)
	at sun.reflect.DelegatingMethodAccessorImpl.invoke(DelegatingMethodAccessorImpl.java:43)
	at java.lang.reflect.Method.invoke(Method.java:498)
	at org.testng.internal.MethodInvocationHelper.invokeMethod(MethodInvocationHelper.java:104)
	at org.testng.internal.Invoker.invokeMethod(Invoker.java:645)
	at org.testng.internal.Invoker.invokeTestMethod(Invoker.java:851)
	at org.testng.internal.Invoker.invokeTestMethods(Invoker.java:1177)
	at org.testng.internal.TestMethodWorker.invokeTestMethods(TestMethodWorker.java:129)
	at org.testng.internal.TestMethodWorker.run(TestMethodWorker.java:112)
	at org.testng.TestRunner.privateRun(TestRunner.java:756)
	at org.testng.TestRunner.run(TestRunner.java:610)
	at org.testng.SuiteRunner.runTest(SuiteRunner.java:387)
	at org.testng.SuiteRunner.runSequentially(SuiteRunner.java:382)
	at org.testng.SuiteRunner.privateRun(SuiteRunner.java:340)
	at org.testng.SuiteRunner.run(SuiteRunner.java:289)
	at org.testng.SuiteRunnerWorker.runSuite(SuiteRunnerWorker.java:52)
	at org.testng.SuiteRunnerWorker.run(SuiteRunnerWorker.java:86)
	at org.testng.TestNG.runSuitesSequentially(TestNG.java:1293)
	at org.testng.TestNG.runSuitesLocally(TestNG.java:1218)
	at org.testng.TestNG.runSuites(TestNG.java:1133)
	at org.testng.TestNG.run(TestNG.java:1104)
	at org.testng.remote.AbstractRemoteTestNG.run(AbstractRemoteTestNG.java:132)
	at org.testng.remote.RemoteTestNG.initAndRun(RemoteTestNG.java:236)
	at org.testng.remote.RemoteTestNG.main(RemoteTestNG.java:81)

</div> <!-- stack-trace -->
                </div> <!-- method-content -->
              </div> <!-- method -->
              <div class="method">
                <div class="method-content">
                  <a name="registerCompanyValid">
                  </a> <!-- registerCompanyValid -->
                  <span class="method-name">registerCompanyValid</span>
                  <div class="stack-trace">org.openqa.selenium.NoSuchElementException: Unable to locate element: .//div[@class=&apos;btn btn-default select-file ember-view file-picker single&apos;]
For documentation on this error, please visit: http://seleniumhq.org/exceptions/no_such_element.html
Build info: version: &apos;unknown&apos;, revision: &apos;1969d75&apos;, time: &apos;2016-10-18 09:43:45 -0700&apos;
System info: host: &apos;anita-X550LD&apos;, ip: &apos;127.0.1.1&apos;, os.name: &apos;Linux&apos;, os.arch: &apos;amd64&apos;, os.version: &apos;4.4.0-65-generic&apos;, java.version: &apos;1.8.0_121&apos;
Driver info: org.openqa.selenium.firefox.FirefoxDriver
Capabilities [{rotatable=false, raisesAccessibilityExceptions=false, marionette=true, firefoxOptions={args=[], prefs={}}, appBuildId=20170201180315, version=, platform=LINUX, proxy={}, command_id=1, specificationLevel=0, acceptSslCerts=false, processId=2880, browserVersion=51.0.1, platformVersion=4.4.0-65-generic, XULappId={ec8030f7-c20a-464f-9b0e-13a3a9e97384}, browserName=firefox, takesScreenshot=true, takesElementScreenshot=true, platformName=linux}]
Session ID: a39b3af6-52bb-4e35-981d-6e946eafa230
*** Element info: {Using=xpath, value=.//div[@class=&apos;btn btn-default select-file ember-view file-picker single&apos;]}
	at sun.reflect.NativeConstructorAccessorImpl.newInstance0(Native Method)
	at sun.reflect.NativeConstructorAccessorImpl.newInstance(NativeConstructorAccessorImpl.java:62)
	at sun.reflect.DelegatingConstructorAccessorImpl.newInstance(DelegatingConstructorAccessorImpl.java:45)
	at java.lang.reflect.Constructor.newInstance(Constructor.java:423)
	at org.openqa.selenium.remote.http.W3CHttpResponseCodec.createException(W3CHttpResponseCodec.java:127)
	at org.openqa.selenium.remote.http.W3CHttpResponseCodec.decode(W3CHttpResponseCodec.java:93)
	at org.openqa.selenium.remote.http.W3CHttpResponseCodec.decode(W3CHttpResponseCodec.java:42)
	at org.openqa.selenium.remote.HttpCommandExecutor.execute(HttpCommandExecutor.java:163)
	at org.openqa.selenium.remote.service.DriverCommandExecutor.execute(DriverCommandExecutor.java:82)
	at org.openqa.selenium.remote.RemoteWebDriver.execute(RemoteWebDriver.java:601)
	at org.openqa.selenium.remote.RemoteWebDriver.findElement(RemoteWebDriver.java:368)
	at org.openqa.selenium.remote.RemoteWebDriver.findElementByXPath(RemoteWebDriver.java:473)
	at org.openqa.selenium.By$ByXPath.findElement(By.java:361)
	at org.openqa.selenium.remote.RemoteWebDriver.findElement(RemoteWebDriver.java:360)
	at org.openqa.selenium.support.pagefactory.DefaultElementLocator.findElement(DefaultElementLocator.java:69)
	at org.openqa.selenium.support.pagefactory.internal.LocatingElementHandler.invoke(LocatingElementHandler.java:38)
	at com.sun.proxy.$Proxy9.click(Unknown Source)
	at com.regression.agileHats.registerPage.clickSelectFileButton2(registerPage.java:550)
	at com.regression.agileHats.Tests.registerCompanyValid(Tests.java:307)
	at sun.reflect.NativeMethodAccessorImpl.invoke0(Native Method)
	at sun.reflect.NativeMethodAccessorImpl.invoke(NativeMethodAccessorImpl.java:62)
	at sun.reflect.DelegatingMethodAccessorImpl.invoke(DelegatingMethodAccessorImpl.java:43)
	at java.lang.reflect.Method.invoke(Method.java:498)
	at org.testng.internal.MethodInvocationHelper.invokeMethod(MethodInvocationHelper.java:104)
	at org.testng.internal.Invoker.invokeMethod(Invoker.java:645)
	at org.testng.internal.Invoker.invokeTestMethod(Invoker.java:851)
	at org.testng.internal.Invoker.invokeTestMethods(Invoker.java:1177)
	at org.testng.internal.TestMethodWorker.invokeTestMethods(TestMethodWorker.java:129)
	at org.testng.internal.TestMethodWorker.run(TestMethodWorker.java:112)
	at org.testng.TestRunner.privateRun(TestRunner.java:756)
	at org.testng.TestRunner.run(TestRunner.java:610)
	at org.testng.SuiteRunner.runTest(SuiteRunner.java:387)
	at org.testng.SuiteRunner.runSequentially(SuiteRunner.java:382)
	at org.testng.SuiteRunner.privateRun(SuiteRunner.java:340)
	at org.testng.SuiteRunner.run(SuiteRunner.java:289)
	at org.testng.SuiteRunnerWorker.runSuite(SuiteRunnerWorker.java:52)
	at org.testng.SuiteRunnerWorker.run(SuiteRunnerWorker.java:86)
	at org.testng.TestNG.runSuitesSequentially(TestNG.java:1293)
	at org.testng.TestNG.runSuitesLocally(TestNG.java:1218)
	at org.testng.TestNG.runSuites(TestNG.java:1133)
	at org.testng.TestNG.run(TestNG.java:1104)
	at org.testng.remote.AbstractRemoteTestNG.run(AbstractRemoteTestNG.java:132)
	at org.testng.remote.RemoteTestNG.initAndRun(RemoteTestNG.java:236)
	at org.testng.remote.RemoteTestNG.main(RemoteTestNG.java:81)

</div> <!-- stack-trace -->
                </div> <!-- method-content -->
              </div> <!-- method -->
            </div> <!-- main-panel-content rounded-window-bottom -->
          </div> <!-- suite-Default_suite-class-failed -->
          <div class="suite-Default_suite-class-skipped">
            <div class="main-panel-header rounded-window-top">
              <img src="skipped.png"/>
              <span class="class-name">com.regression.agileHats.Tests</span>
            </div> <!-- main-panel-header rounded-window-top -->
            <div class="main-panel-content rounded-window-bottom">
              <div class="method">
                <div class="method-content">
                  <a name="CheckLogout2">
                  </a> <!-- CheckLogout2 -->
                  <span class="method-name">CheckLogout2</span>
                  <div class="stack-trace">java.lang.Throwable: Method Tests.CheckLogout2()[pri:35, instance:com.regression.agileHats.Tests@204f30ec] depends on not successfully finished methods
	at org.testng.internal.Invoker.invokeTestMethods(Invoker.java:1068)
	at org.testng.internal.TestMethodWorker.invokeTestMethods(TestMethodWorker.java:129)
	at org.testng.internal.TestMethodWorker.run(TestMethodWorker.java:112)
	at org.testng.TestRunner.privateRun(TestRunner.java:756)
	at org.testng.TestRunner.run(TestRunner.java:610)
	at org.testng.SuiteRunner.runTest(SuiteRunner.java:387)
	at org.testng.SuiteRunner.runSequentially(SuiteRunner.java:382)
	at org.testng.SuiteRunner.privateRun(SuiteRunner.java:340)
	at org.testng.SuiteRunner.run(SuiteRunner.java:289)
	at org.testng.SuiteRunnerWorker.runSuite(SuiteRunnerWorker.java:52)
	at org.testng.SuiteRunnerWorker.run(SuiteRunnerWorker.java:86)
	at org.testng.TestNG.runSuitesSequentially(TestNG.java:1293)
	at org.testng.TestNG.runSuitesLocally(TestNG.java:1218)
	at org.testng.TestNG.runSuites(TestNG.java:1133)
	at org.testng.TestNG.run(TestNG.java:1104)
	at org.testng.remote.AbstractRemoteTestNG.run(AbstractRemoteTestNG.java:132)
	at org.testng.remote.RemoteTestNG.initAndRun(RemoteTestNG.java:236)
	at org.testng.remote.RemoteTestNG.main(RemoteTestNG.java:81)

</div> <!-- stack-trace -->
                </div> <!-- method-content -->
              </div> <!-- method -->
            </div> <!-- main-panel-content rounded-window-bottom -->
          </div> <!-- suite-Default_suite-class-skipped -->
          <div class="suite-Default_suite-class-passed">
            <div class="main-panel-header rounded-window-top">
              <img src="passed.png"/>
              <span class="class-name">com.regression.agileHats.Tests</span>
            </div> <!-- main-panel-header rounded-window-top -->
            <div class="main-panel-content rounded-window-bottom">
              <div class="method">
                <div class="method-content">
                  <a name="EditProfile">
                  </a> <!-- EditProfile -->
                  <span class="method-name">EditProfile</span>
                </div> <!-- method-content -->
              </div> <!-- method -->
              <div class="method">
                <div class="method-content">
                  <a name="LogOut1">
                  </a> <!-- LogOut1 -->
                  <span class="method-name">LogOut1</span>
                </div> <!-- method-content -->
              </div> <!-- method -->
              <div class="method">
                <div class="method-content">
                  <a name="LoginBlankPassword">
                  </a> <!-- LoginBlankPassword -->
                  <span class="method-name">LoginBlankPassword</span>
                </div> <!-- method-content -->
              </div> <!-- method -->
              <div class="method">
                <div class="method-content">
                  <a name="LoginInvalidEmail">
                  </a> <!-- LoginInvalidEmail -->
                  <span class="method-name">LoginInvalidEmail</span>
                </div> <!-- method-content -->
              </div> <!-- method -->
              <div class="method">
                <div class="method-content">
                  <a name="LoginInvalidEmailAndBlankPassword">
                  </a> <!-- LoginInvalidEmailAndBlankPassword -->
                  <span class="method-name">LoginInvalidEmailAndBlankPassword</span>
                </div> <!-- method-content -->
              </div> <!-- method -->
              <div class="method">
                <div class="method-content">
                  <a name="LoginInvalidPassword">
                  </a> <!-- LoginInvalidPassword -->
                  <span class="method-name">LoginInvalidPassword</span>
                </div> <!-- method-content -->
              </div> <!-- method -->
              <div class="method">
                <div class="method-content">
                  <a name="LoginInvalidPasswordAndBlankEmail">
                  </a> <!-- LoginInvalidPasswordAndBlankEmail -->
                  <span class="method-name">LoginInvalidPasswordAndBlankEmail</span>
                </div> <!-- method-content -->
              </div> <!-- method -->
              <div class="method">
                <div class="method-content">
                  <a name="LoginInvalidPasswordAndEmail">
                  </a> <!-- LoginInvalidPasswordAndEmail -->
                  <span class="method-name">LoginInvalidPasswordAndEmail</span>
                </div> <!-- method-content -->
              </div> <!-- method -->
              <div class="method">
                <div class="method-content">
                  <a name="LoginValidEmailAndPassword">
                  </a> <!-- LoginValidEmailAndPassword -->
                  <span class="method-name">LoginValidEmailAndPassword</span>
                </div> <!-- method-content -->
              </div> <!-- method -->
              <div class="method">
                <div class="method-content">
                  <a name="blankFields">
                  </a> <!-- blankFields -->
                  <span class="method-name">blankFields</span>
                </div> <!-- method-content -->
              </div> <!-- method -->
              <div class="method">
                <div class="method-content">
                  <a name="companyBlankFields">
                  </a> <!-- companyBlankFields -->
                  <span class="method-name">companyBlankFields</span>
                </div> <!-- method-content -->
              </div> <!-- method -->
              <div class="method">
                <div class="method-content">
                  <a name="invalidEmailFormat">
                  </a> <!-- invalidEmailFormat -->
                  <span class="method-name">invalidEmailFormat</span>
                </div> <!-- method-content -->
              </div> <!-- method -->
              <div class="method">
                <div class="method-content">
                  <a name="invalidPasswordConfirmation">
                  </a> <!-- invalidPasswordConfirmation -->
                  <span class="method-name">invalidPasswordConfirmation</span>
                </div> <!-- method-content -->
              </div> <!-- method -->
              <div class="method">
                <div class="method-content">
                  <a name="loginBlankEmail">
                  </a> <!-- loginBlankEmail -->
                  <span class="method-name">loginBlankEmail</span>
                </div> <!-- method-content -->
              </div> <!-- method -->
              <div class="method">
                <div class="method-content">
                  <a name="loginBlankEmailAndPassword">
                  </a> <!-- loginBlankEmailAndPassword -->
                  <span class="method-name">loginBlankEmailAndPassword</span>
                </div> <!-- method-content -->
              </div> <!-- method -->
              <div class="method">
                <div class="method-content">
                  <a name="passConfirmCaseSensitive">
                  </a> <!-- passConfirmCaseSensitive -->
                  <span class="method-name">passConfirmCaseSensitive</span>
                </div> <!-- method-content -->
              </div> <!-- method -->
              <div class="method">
                <div class="method-content">
                  <a name="removeButtonTest">
                  </a> <!-- removeButtonTest -->
                  <span class="method-name">removeButtonTest</span>
                </div> <!-- method-content -->
              </div> <!-- method -->
              <div class="method">
                <div class="method-content">
                  <a name="searchCaseSensitive">
                  </a> <!-- searchCaseSensitive -->
                  <span class="method-name">searchCaseSensitive</span>
                </div> <!-- method-content -->
              </div> <!-- method -->
              <div class="method">
                <div class="method-content">
                  <a name="searchResultLinkTest">
                  </a> <!-- searchResultLinkTest -->
                  <span class="method-name">searchResultLinkTest</span>
                </div> <!-- method-content -->
              </div> <!-- method -->
              <div class="method">
                <div class="method-content">
                  <a name="searchTrimTest">
                  </a> <!-- searchTrimTest -->
                  <span class="method-name">searchTrimTest</span>
                </div> <!-- method-content -->
              </div> <!-- method -->
              <div class="method">
                <div class="method-content">
                  <a name="takenEmail">
                  </a> <!-- takenEmail -->
                  <span class="method-name">takenEmail</span>
                </div> <!-- method-content -->
              </div> <!-- method -->
              <div class="method">
                <div class="method-content">
                  <a name="validSearchResultTest">
                  </a> <!-- validSearchResultTest -->
                  <span class="method-name">validSearchResultTest</span>
                </div> <!-- method-content -->
              </div> <!-- method -->
            </div> <!-- main-panel-content rounded-window-bottom -->
          </div> <!-- suite-Default_suite-class-passed -->
        </div> <!-- panel Default_suite -->
        <div panel-name="test-xml-Default_suite" class="panel">
          <div class="main-panel-header rounded-window-top">
            <span class="header-content">/tmp/testng-eclipse--1832572927/testng-customsuite.xml</span>
          </div> <!-- main-panel-header rounded-window-top -->
          <div class="main-panel-content rounded-window-bottom">
            <pre>
&lt;?xml version=&quot;1.0&quot; encoding=&quot;UTF-8&quot;?&gt;
&lt;!DOCTYPE suite SYSTEM &quot;http://testng.org/testng-1.0.dtd&quot;&gt;
&lt;suite guice-stage=&quot;DEVELOPMENT&quot; name=&quot;Default suite&quot;&gt;
  &lt;parameter name=&quot;browserType&quot; value=&quot;firefox&quot;/&gt;
  &lt;test verbose=&quot;2&quot; name=&quot;Default test&quot;&gt;
    &lt;classes&gt;
      &lt;class name=&quot;com.regression.agileHats.Tests&quot;/&gt;
    &lt;/classes&gt;
  &lt;/test&gt; &lt;!-- Default test --&gt;
&lt;/suite&gt; &lt;!-- Default suite --&gt;
            </pre>
          </div> <!-- main-panel-content rounded-window-bottom -->
        </div> <!-- panel -->
        <div panel-name="testlist-Default_suite" class="panel">
          <div class="main-panel-header rounded-window-top">
            <span class="header-content">Tests for Default suite</span>
          </div> <!-- main-panel-header rounded-window-top -->
          <div class="main-panel-content rounded-window-bottom">
            <ul>
              <li>
                <span class="test-name">Default test (1 class)</span>
              </li>
            </ul>
          </div> <!-- main-panel-content rounded-window-bottom -->
        </div> <!-- panel -->
        <div panel-name="group-Default_suite" class="panel">
          <div class="main-panel-header rounded-window-top">
            <span class="header-content">Groups for Default suite</span>
          </div> <!-- main-panel-header rounded-window-top -->
          <div class="main-panel-content rounded-window-bottom">
            <div class="test-group">
              <span class="test-group-name">Create Existing Project</span>
              <br/>
              <div class="method-in-group">
                <span class="method-in-group-name">cancelCreateProjectWithNoInputs</span>
                <br/>
              </div> <!-- method-in-group -->
              <div class="method-in-group">
                <span class="method-in-group-name">createProjectBlankFields</span>
                <br/>
              </div> <!-- method-in-group -->
              <div class="method-in-group">
                <span class="method-in-group-name">createProjectValid</span>
                <br/>
              </div> <!-- method-in-group -->
            </div> <!-- test-group -->
            <div class="test-group">
              <span class="test-group-name">Create Funding Project</span>
              <br/>
              <div class="method-in-group">
                <span class="method-in-group-name">VideoUploadTEST</span>
                <br/>
              </div> <!-- method-in-group -->
              <div class="method-in-group">
                <span class="method-in-group-name">createFundingProjectValid</span>
                <br/>
              </div> <!-- method-in-group -->
            </div> <!-- test-group -->
            <div class="test-group">
              <span class="test-group-name">Create Responsibility</span>
              <br/>
              <div class="method-in-group">
                <span class="method-in-group-name">createResponsibilityBlankFields</span>
                <br/>
              </div> <!-- method-in-group -->
              <div class="method-in-group">
                <span class="method-in-group-name">createResponsibilityLessThanMinCharacters</span>
                <br/>
              </div> <!-- method-in-group -->
              <div class="method-in-group">
                <span class="method-in-group-name">createResponsibilityValid</span>
                <br/>
              </div> <!-- method-in-group -->
            </div> <!-- test-group -->
            <div class="test-group">
              <span class="test-group-name">Edit Profile</span>
              <br/>
              <div class="method-in-group">
                <span class="method-in-group-name">EditProfile</span>
                <br/>
              </div> <!-- method-in-group -->
            </div> <!-- test-group -->
            <div class="test-group">
              <span class="test-group-name">Failed Tests</span>
              <br/>
              <div class="method-in-group">
                <span class="method-in-group-name">CheckLogout2</span>
                <br/>
              </div> <!-- method-in-group -->
              <div class="method-in-group">
                <span class="method-in-group-name">DateTest</span>
                <br/>
              </div> <!-- method-in-group -->
              <div class="method-in-group">
                <span class="method-in-group-name">LoginDependentMethod</span>
                <br/>
              </div> <!-- method-in-group -->
            </div> <!-- test-group -->
            <div class="test-group">
              <span class="test-group-name">Forgot Password Check</span>
              <br/>
              <div class="method-in-group">
                <span class="method-in-group-name">forgotPasswordNonExistingUser</span>
                <br/>
              </div> <!-- method-in-group -->
              <div class="method-in-group">
                <span class="method-in-group-name">forgotPasswordTest</span>
                <br/>
              </div> <!-- method-in-group -->
            </div> <!-- test-group -->
            <div class="test-group">
              <span class="test-group-name">Login</span>
              <br/>
              <div class="method-in-group">
                <span class="method-in-group-name">LoginBlankPassword</span>
                <br/>
              </div> <!-- method-in-group -->
              <div class="method-in-group">
                <span class="method-in-group-name">LoginInvalidEmail</span>
                <br/>
              </div> <!-- method-in-group -->
              <div class="method-in-group">
                <span class="method-in-group-name">LoginInvalidEmailAndBlankPassword</span>
                <br/>
              </div> <!-- method-in-group -->
              <div class="method-in-group">
                <span class="method-in-group-name">LoginInvalidPassword</span>
                <br/>
              </div> <!-- method-in-group -->
              <div class="method-in-group">
                <span class="method-in-group-name">LoginInvalidPasswordAndBlankEmail</span>
                <br/>
              </div> <!-- method-in-group -->
              <div class="method-in-group">
                <span class="method-in-group-name">LoginInvalidPasswordAndEmail</span>
                <br/>
              </div> <!-- method-in-group -->
              <div class="method-in-group">
                <span class="method-in-group-name">LoginValidEmailAndPassword</span>
                <br/>
              </div> <!-- method-in-group -->
              <div class="method-in-group">
                <span class="method-in-group-name">loginBlankEmail</span>
                <br/>
              </div> <!-- method-in-group -->
              <div class="method-in-group">
                <span class="method-in-group-name">loginBlankEmailAndPassword</span>
                <br/>
              </div> <!-- method-in-group -->
            </div> <!-- test-group -->
            <div class="test-group">
              <span class="test-group-name">Logout</span>
              <br/>
              <div class="method-in-group">
                <span class="method-in-group-name">LogOut1</span>
                <br/>
              </div> <!-- method-in-group -->
            </div> <!-- test-group -->
            <div class="test-group">
              <span class="test-group-name">Register Company</span>
              <br/>
              <div class="method-in-group">
                <span class="method-in-group-name">companyBlankFields</span>
                <br/>
              </div> <!-- method-in-group -->
              <div class="method-in-group">
                <span class="method-in-group-name">registerCompanyValid</span>
                <br/>
              </div> <!-- method-in-group -->
            </div> <!-- test-group -->
            <div class="test-group">
              <span class="test-group-name">Register Employee</span>
              <br/>
              <div class="method-in-group">
                <span class="method-in-group-name">blankFields</span>
                <br/>
              </div> <!-- method-in-group -->
              <div class="method-in-group">
                <span class="method-in-group-name">invalidEmailFormat</span>
                <br/>
              </div> <!-- method-in-group -->
              <div class="method-in-group">
                <span class="method-in-group-name">invalidPasswordConfirmation</span>
                <br/>
              </div> <!-- method-in-group -->
              <div class="method-in-group">
                <span class="method-in-group-name">passConfirmCaseSensitive</span>
                <br/>
              </div> <!-- method-in-group -->
              <div class="method-in-group">
                <span class="method-in-group-name">takenEmail</span>
                <br/>
              </div> <!-- method-in-group -->
            </div> <!-- test-group -->
            <div class="test-group">
              <span class="test-group-name">Search</span>
              <br/>
              <div class="method-in-group">
                <span class="method-in-group-name">removeButtonTest</span>
                <br/>
              </div> <!-- method-in-group -->
              <div class="method-in-group">
                <span class="method-in-group-name">searchCaseSensitive</span>
                <br/>
              </div> <!-- method-in-group -->
              <div class="method-in-group">
                <span class="method-in-group-name">searchResultLinkTest</span>
                <br/>
              </div> <!-- method-in-group -->
              <div class="method-in-group">
                <span class="method-in-group-name">searchTrimTest</span>
                <br/>
              </div> <!-- method-in-group -->
              <div class="method-in-group">
                <span class="method-in-group-name">validSearchResultTest</span>
                <br/>
              </div> <!-- method-in-group -->
            </div> <!-- test-group -->
          </div> <!-- main-panel-content rounded-window-bottom -->
        </div> <!-- panel -->
        <div panel-name="times-Default_suite" class="panel">
          <div class="main-panel-header rounded-window-top">
            <span class="header-content">Times for Default suite</span>
          </div> <!-- main-panel-header rounded-window-top -->
          <div class="main-panel-content rounded-window-bottom">
            <div class="times-div">
              <script type="text/javascript">
suiteTableInitFunctions.push('tableData_Default_suite');
function tableData_Default_suite() {
var data = new google.visualization.DataTable();
data.addColumn('number', 'Number');
data.addColumn('string', 'Method');
data.addColumn('string', 'Class');
data.addColumn('number', 'Time (ms)');
data.addRows(36);
data.setCell(0, 0, 0)
data.setCell(0, 1, 'validSearchResultTest')
data.setCell(0, 2, 'com.regression.agileHats.Tests')
data.setCell(0, 3, 32087);
data.setCell(1, 0, 1)
data.setCell(1, 1, 'searchTrimTest')
data.setCell(1, 2, 'com.regression.agileHats.Tests')
data.setCell(1, 3, 31925);
data.setCell(2, 0, 2)
data.setCell(2, 1, 'searchResultLinkTest')
data.setCell(2, 2, 'com.regression.agileHats.Tests')
data.setCell(2, 3, 31769);
data.setCell(3, 0, 3)
data.setCell(3, 1, 'searchCaseSensitive')
data.setCell(3, 2, 'com.regression.agileHats.Tests')
data.setCell(3, 3, 30462);
data.setCell(4, 0, 4)
data.setCell(4, 1, 'EditProfile')
data.setCell(4, 2, 'com.regression.agileHats.Tests')
data.setCell(4, 3, 20687);
data.setCell(5, 0, 5)
data.setCell(5, 1, 'createProjectValid')
data.setCell(5, 2, 'com.regression.agileHats.Tests')
data.setCell(5, 3, 19298);
data.setCell(6, 0, 6)
data.setCell(6, 1, 'createResponsibilityLessThanMinCharacters')
data.setCell(6, 2, 'com.regression.agileHats.Tests')
data.setCell(6, 3, 17447);
data.setCell(7, 0, 7)
data.setCell(7, 1, 'registerCompanyValid')
data.setCell(7, 2, 'com.regression.agileHats.Tests')
data.setCell(7, 3, 17219);
data.setCell(8, 0, 8)
data.setCell(8, 1, 'forgotPasswordNonExistingUser')
data.setCell(8, 2, 'com.regression.agileHats.Tests')
data.setCell(8, 3, 16693);
data.setCell(9, 0, 9)
data.setCell(9, 1, 'VideoUploadTEST')
data.setCell(9, 2, 'com.regression.agileHats.Tests')
data.setCell(9, 3, 16510);
data.setCell(10, 0, 10)
data.setCell(10, 1, 'createResponsibilityBlankFields')
data.setCell(10, 2, 'com.regression.agileHats.Tests')
data.setCell(10, 3, 16485);
data.setCell(11, 0, 11)
data.setCell(11, 1, 'forgotPasswordTest')
data.setCell(11, 2, 'com.regression.agileHats.Tests')
data.setCell(11, 3, 16440);
data.setCell(12, 0, 12)
data.setCell(12, 1, 'createResponsibilityValid')
data.setCell(12, 2, 'com.regression.agileHats.Tests')
data.setCell(12, 3, 16419);
data.setCell(13, 0, 13)
data.setCell(13, 1, 'cancelCreateProjectWithNoInputs')
data.setCell(13, 2, 'com.regression.agileHats.Tests')
data.setCell(13, 3, 16325);
data.setCell(14, 0, 14)
data.setCell(14, 1, 'createFundingProjectValid')
data.setCell(14, 2, 'com.regression.agileHats.Tests')
data.setCell(14, 3, 16309);
data.setCell(15, 0, 15)
data.setCell(15, 1, 'createProjectBlankFields')
data.setCell(15, 2, 'com.regression.agileHats.Tests')
data.setCell(15, 3, 16202);
data.setCell(16, 0, 16)
data.setCell(16, 1, 'LoginDependentMethod')
data.setCell(16, 2, 'com.regression.agileHats.Tests')
data.setCell(16, 3, 15101);
data.setCell(17, 0, 17)
data.setCell(17, 1, 'DateTest')
data.setCell(17, 2, 'com.regression.agileHats.Tests')
data.setCell(17, 3, 13989);
data.setCell(18, 0, 18)
data.setCell(18, 1, 'removeButtonTest')
data.setCell(18, 2, 'com.regression.agileHats.Tests')
data.setCell(18, 3, 5489);
data.setCell(19, 0, 19)
data.setCell(19, 1, 'LoginValidEmailAndPassword')
data.setCell(19, 2, 'com.regression.agileHats.Tests')
data.setCell(19, 3, 3886);
data.setCell(20, 0, 20)
data.setCell(20, 1, 'invalidEmailFormat')
data.setCell(20, 2, 'com.regression.agileHats.Tests')
data.setCell(20, 3, 2787);
data.setCell(21, 0, 21)
data.setCell(21, 1, 'takenEmail')
data.setCell(21, 2, 'com.regression.agileHats.Tests')
data.setCell(21, 3, 2735);
data.setCell(22, 0, 22)
data.setCell(22, 1, 'LogOut1')
data.setCell(22, 2, 'com.regression.agileHats.Tests')
data.setCell(22, 3, 2510);
data.setCell(23, 0, 23)
data.setCell(23, 1, 'invalidPasswordConfirmation')
data.setCell(23, 2, 'com.regression.agileHats.Tests')
data.setCell(23, 3, 2315);
data.setCell(24, 0, 24)
data.setCell(24, 1, 'loginBlankEmailAndPassword')
data.setCell(24, 2, 'com.regression.agileHats.Tests')
data.setCell(24, 3, 2307);
data.setCell(25, 0, 25)
data.setCell(25, 1, 'blankFields')
data.setCell(25, 2, 'com.regression.agileHats.Tests')
data.setCell(25, 3, 2131);
data.setCell(26, 0, 26)
data.setCell(26, 1, 'passConfirmCaseSensitive')
data.setCell(26, 2, 'com.regression.agileHats.Tests')
data.setCell(26, 3, 2001);
data.setCell(27, 0, 27)
data.setCell(27, 1, 'companyBlankFields')
data.setCell(27, 2, 'com.regression.agileHats.Tests')
data.setCell(27, 3, 1418);
data.setCell(28, 0, 28)
data.setCell(28, 1, 'LoginInvalidEmail')
data.setCell(28, 2, 'com.regression.agileHats.Tests')
data.setCell(28, 3, 1056);
data.setCell(29, 0, 29)
data.setCell(29, 1, 'loginBlankEmail')
data.setCell(29, 2, 'com.regression.agileHats.Tests')
data.setCell(29, 3, 817);
data.setCell(30, 0, 30)
data.setCell(30, 1, 'LoginInvalidPassword')
data.setCell(30, 2, 'com.regression.agileHats.Tests')
data.setCell(30, 3, 778);
data.setCell(31, 0, 31)
data.setCell(31, 1, 'LoginBlankPassword')
data.setCell(31, 2, 'com.regression.agileHats.Tests')
data.setCell(31, 3, 765);
data.setCell(32, 0, 32)
data.setCell(32, 1, 'LoginInvalidPasswordAndEmail')
data.setCell(32, 2, 'com.regression.agileHats.Tests')
data.setCell(32, 3, 749);
data.setCell(33, 0, 33)
data.setCell(33, 1, 'LoginInvalidPasswordAndBlankEmail')
data.setCell(33, 2, 'com.regression.agileHats.Tests')
data.setCell(33, 3, 705);
data.setCell(34, 0, 34)
data.setCell(34, 1, 'LoginInvalidEmailAndBlankPassword')
data.setCell(34, 2, 'com.regression.agileHats.Tests')
data.setCell(34, 3, 646);
data.setCell(35, 0, 35)
data.setCell(35, 1, 'CheckLogout2')
data.setCell(35, 2, 'com.regression.agileHats.Tests')
data.setCell(35, 3, 0);
window.suiteTableData['Default_suite']= { tableData: data, tableDiv: 'times-div-Default_suite'}
return data;
}
              </script>
              <span class="suite-total-time">Total running time: 6 minutes</span>
              <div id="times-div-Default_suite">
              </div> <!-- times-div-Default_suite -->
            </div> <!-- times-div -->
          </div> <!-- main-panel-content rounded-window-bottom -->
        </div> <!-- panel -->
        <div panel-name="reporter-Default_suite" class="panel">
          <div class="main-panel-header rounded-window-top">
            <span class="header-content">Reporter output for Default suite</span>
          </div> <!-- main-panel-header rounded-window-top -->
          <div class="main-panel-content rounded-window-bottom">
            <div class="reporter-method-div">
              <span class="reporter-method-name">LoginInvalidPasswordAndEmail</span>
              <div class="reporter-method-output-div">
                <span class="reporter-method-output">Actual value = Wrong email or password. </span>
                <span class="reporter-method-output">|Expected value = Wrong email or password. </span>
                <span class="reporter-method-output">|PASS  Verifying Invalid Email Warnning</span>
              </div> <!-- reporter-method-output-div -->
            </div> <!-- reporter-method-div -->
            <div class="reporter-method-div">
              <span class="reporter-method-name">validSearchResultTest</span>
              <div class="reporter-method-output-div">
                <span class="reporter-method-output">|PASS  Verifying that the accurate result is displayed</span>
                <span class="reporter-method-output">Actual value = 5</span>
                <span class="reporter-method-output">|Expected value = 5</span>
              </div> <!-- reporter-method-output-div -->
            </div> <!-- reporter-method-div -->
            <div class="reporter-method-div">
              <span class="reporter-method-name">LoginInvalidEmailAndBlankPassword</span>
              <div class="reporter-method-output-div">
                <span class="reporter-method-output">Actual value = Password can't be blank</span>
                <span class="reporter-method-output">|Expected value = Password can't be blank</span>
                <span class="reporter-method-output">|PASS  Verifying Password Warnning</span>
              </div> <!-- reporter-method-output-div -->
            </div> <!-- reporter-method-div -->
            <div class="reporter-method-div">
              <span class="reporter-method-name">removeButtonTest</span>
              <div class="reporter-method-output-div">
                <span class="reporter-method-output">|PASS  Remove search button confirmation</span>
                <span class="reporter-method-output">Actual value = </span>
                <span class="reporter-method-output">|Expected value = </span>
              </div> <!-- reporter-method-output-div -->
            </div> <!-- reporter-method-div -->
            <div class="reporter-method-div">
              <span class="reporter-method-name">searchResultLinkTest</span>
              <div class="reporter-method-output-div">
                <span class="reporter-method-output">|PASS  Verifying that the accurate result is displayed</span>
                <span class="reporter-method-output">Actual value = 5</span>
                <span class="reporter-method-output">|Expected value = 5</span>
                <span class="reporter-method-output">|PASS  Verifying that the accurate warrning message is displayed</span>
                <span class="reporter-method-output">Actual value = Funding Project 1</span>
                <span class="reporter-method-output">|Expected value = Funding Project 1</span>
              </div> <!-- reporter-method-output-div -->
            </div> <!-- reporter-method-div -->
            <div class="reporter-method-div">
              <span class="reporter-method-name">invalidPasswordConfirmation</span>
              <div class="reporter-method-output-div">
                <span class="reporter-method-output">Actual message is: Password confirmation doesn't match password</span>
                <span class="reporter-method-output">|PASS  Verifying that the accurate warrning message is displayed</span>
                <span class="reporter-method-output">Actual value = null</span>
                <span class="reporter-method-output">|Expected value = Password confirmation doesn't match password</span>
              </div> <!-- reporter-method-output-div -->
            </div> <!-- reporter-method-div -->
            <div class="reporter-method-div">
              <span class="reporter-method-name">loginBlankEmail</span>
              <div class="reporter-method-output-div">
                <span class="reporter-method-output">|PASS  Verifying Email Warnning</span>
                <span class="reporter-method-output">|Actual value = Email can't be blank</span>
                <span class="reporter-method-output">|Expected value = Email can't be blank</span>
              </div> <!-- reporter-method-output-div -->
            </div> <!-- reporter-method-div -->
            <div class="reporter-method-div">
              <span class="reporter-method-name">passConfirmCaseSensitive</span>
              <div class="reporter-method-output-div">
                <span class="reporter-method-output">Actual message is: Password confirmation doesn't match password</span>
                <span class="reporter-method-output">|PASS  Verifying that the accurate warrning message is displayed</span>
                <span class="reporter-method-output">Actual value = null</span>
                <span class="reporter-method-output">|Expected value = Password confirmation doesn't match password</span>
              </div> <!-- reporter-method-output-div -->
            </div> <!-- reporter-method-div -->
            <div class="reporter-method-div">
              <span class="reporter-method-name">loginBlankEmailAndPassword</span>
              <div class="reporter-method-output-div">
                <span class="reporter-method-output">|PASS  Verifying Email Warnning</span>
                <span class="reporter-method-output">|Actual value = Email can't be blank</span>
                <span class="reporter-method-output">|Expected value = Email can't be blank</span>
                <span class="reporter-method-output">Actual value = Password can't be blank</span>
                <span class="reporter-method-output">|Expected value = Password can't be blank</span>
                <span class="reporter-method-output">|PASS  Verifying Password Warnning</span>
              </div> <!-- reporter-method-output-div -->
            </div> <!-- reporter-method-div -->
            <div class="reporter-method-div">
              <span class="reporter-method-name">invalidEmailFormat</span>
              <div class="reporter-method-output-div">
                <span class="reporter-method-output">Actual message is: Email is invalid</span>
                <span class="reporter-method-output">|PASS  Verifying that the accurate warrning message is displayed</span>
                <span class="reporter-method-output">Actual value = null</span>
                <span class="reporter-method-output">|Expected value = Email is invalid</span>
              </div> <!-- reporter-method-output-div -->
            </div> <!-- reporter-method-div -->
            <div class="reporter-method-div">
              <span class="reporter-method-name">takenEmail</span>
              <div class="reporter-method-output-div">
                <span class="reporter-method-output">Actual message is: Email has already been taken</span>
                <span class="reporter-method-output">|PASS  Verifying that the accurate warrning message is displayed</span>
                <span class="reporter-method-output">Actual value = null</span>
                <span class="reporter-method-output">|Expected value = Email has already been taken</span>
              </div> <!-- reporter-method-output-div -->
            </div> <!-- reporter-method-div -->
            <div class="reporter-method-div">
              <span class="reporter-method-name">searchCaseSensitive</span>
              <div class="reporter-method-output-div">
                <span class="reporter-method-output">|PASS  Verifying that the accurate result is displayed</span>
                <span class="reporter-method-output">Actual value = 5</span>
                <span class="reporter-method-output">|Expected value = 5</span>
              </div> <!-- reporter-method-output-div -->
            </div> <!-- reporter-method-div -->
            <div class="reporter-method-div">
              <span class="reporter-method-name">companyBlankFields</span>
              <div class="reporter-method-output-div">
                <span class="reporter-method-output">Actual message is: Firstname can't be blank</span>
                <span class="reporter-method-output">|PASS  Verifying that the accurate warrning message is displayed</span>
                <span class="reporter-method-output">Actual value = null</span>
                <span class="reporter-method-output">|Expected value = Firstname can't be blank</span>
                <span class="reporter-method-output">Actual message is: Lastname can't be blank</span>
                <span class="reporter-method-output">|PASS  Verifying that the accurate warrning message is displayed</span>
                <span class="reporter-method-output">Actual value = null</span>
                <span class="reporter-method-output">|Expected value = Lastname can't be blank</span>
                <span class="reporter-method-output">Actual message is: Email can't be blank</span>
                <span class="reporter-method-output">Actual message is: Email can't be blank</span>
                <span class="reporter-method-output">|PASS  Verifying that the accurate warrning message is displayed</span>
                <span class="reporter-method-output">Actual value = null</span>
                <span class="reporter-method-output">|Expected value = Email can't be blank</span>
                <span class="reporter-method-output">Actual message is: Password can't be blank</span>
                <span class="reporter-method-output">|PASS  Verifying that the accurate warrning message is displayed</span>
                <span class="reporter-method-output">Actual value = null</span>
                <span class="reporter-method-output">|Expected value = Password can't be blank</span>
              </div> <!-- reporter-method-output-div -->
            </div> <!-- reporter-method-div -->
            <div class="reporter-method-div">
              <span class="reporter-method-name">LoginInvalidPasswordAndBlankEmail</span>
              <div class="reporter-method-output-div">
                <span class="reporter-method-output">|PASS  Verifying Email Warnning</span>
                <span class="reporter-method-output">|Actual value = Email can't be blank</span>
                <span class="reporter-method-output">|Expected value = Email can't be blank</span>
              </div> <!-- reporter-method-output-div -->
            </div> <!-- reporter-method-div -->
            <div class="reporter-method-div">
              <span class="reporter-method-name">EditProfile</span>
              <div class="reporter-method-output-div">
                <span class="reporter-method-output">Actual value = 123456</span>
                <span class="reporter-method-output">|Expected value = 123456</span>
                <span class="reporter-method-output">|PASS  Verifying Phone Edit</span>
                <span class="reporter-method-output">Actual value = skype accaunt</span>
                <span class="reporter-method-output">|Expected value = skype accaunt</span>
                <span class="reporter-method-output">|PASS  Verifying Skype Edit</span>
              </div> <!-- reporter-method-output-div -->
            </div> <!-- reporter-method-div -->
            <div class="reporter-method-div">
              <span class="reporter-method-name">blankFields</span>
              <div class="reporter-method-output-div">
                <span class="reporter-method-output">Actual message is: Firstname can't be blank</span>
                <span class="reporter-method-output">|PASS  Verifying that the accurate warrning message is displayed</span>
                <span class="reporter-method-output">Actual value = null</span>
                <span class="reporter-method-output">|Expected value = Firstname can't be blank</span>
                <span class="reporter-method-output">Actual message is: Lastname can't be blank</span>
                <span class="reporter-method-output">|PASS  Verifying that the accurate warrning message is displayed</span>
                <span class="reporter-method-output">Actual value = null</span>
                <span class="reporter-method-output">|Expected value = Lastname can't be blank</span>
                <span class="reporter-method-output">Actual message is: Email can't be blank</span>
                <span class="reporter-method-output">Actual message is: Email can't be blank</span>
                <span class="reporter-method-output">|PASS  Verifying that the accurate warrning message is displayed</span>
                <span class="reporter-method-output">Actual value = null</span>
                <span class="reporter-method-output">|Expected value = Email can't be blank</span>
                <span class="reporter-method-output">Actual message is: Password can't be blank</span>
                <span class="reporter-method-output">|PASS  Verifying that the accurate warrning message is displayed</span>
                <span class="reporter-method-output">Actual value = null</span>
                <span class="reporter-method-output">|Expected value = Password can't be blank</span>
              </div> <!-- reporter-method-output-div -->
            </div> <!-- reporter-method-div -->
            <div class="reporter-method-div">
              <span class="reporter-method-name">searchTrimTest</span>
              <div class="reporter-method-output-div">
                <span class="reporter-method-output">|PASS  Verifying that the accurate result is displayed</span>
                <span class="reporter-method-output">Actual value = 5</span>
                <span class="reporter-method-output">|Expected value = 5</span>
              </div> <!-- reporter-method-output-div -->
            </div> <!-- reporter-method-div -->
            <div class="reporter-method-div">
              <span class="reporter-method-name">LoginInvalidEmail</span>
              <div class="reporter-method-output-div">
                <span class="reporter-method-output">Actual value = Wrong email or password. </span>
                <span class="reporter-method-output">|Expected value = Wrong email or password. </span>
                <span class="reporter-method-output">|PASS  Verifying Invalid Email Warnning</span>
              </div> <!-- reporter-method-output-div -->
            </div> <!-- reporter-method-div -->
            <div class="reporter-method-div">
              <span class="reporter-method-name">LoginBlankPassword</span>
              <div class="reporter-method-output-div">
                <span class="reporter-method-output">Actual value = Password can't be blank</span>
                <span class="reporter-method-output">|Expected value = Password can't be blank</span>
                <span class="reporter-method-output">|PASS  Verifying Password Warnning</span>
              </div> <!-- reporter-method-output-div -->
            </div> <!-- reporter-method-div -->
            <div class="reporter-method-div">
              <span class="reporter-method-name">LoginInvalidPassword</span>
              <div class="reporter-method-output-div">
                <span class="reporter-method-output">Actual value = Wrong email or password. </span>
                <span class="reporter-method-output">|Expected value = Wrong email or password. </span>
                <span class="reporter-method-output">|PASS  Verifying Invalid Email Warnning</span>
              </div> <!-- reporter-method-output-div -->
            </div> <!-- reporter-method-div -->
          </div> <!-- main-panel-content rounded-window-bottom -->
        </div> <!-- panel -->
        <div panel-name="ignored-methods-Default_suite" class="panel">
          <div class="main-panel-header rounded-window-top">
            <span class="header-content">0 ignored methods</span>
          </div> <!-- main-panel-header rounded-window-top -->
          <div class="main-panel-content rounded-window-bottom">
          </div> <!-- main-panel-content rounded-window-bottom -->
        </div> <!-- panel -->
        <div panel-name="chronological-Default_suite" class="panel">
          <div class="main-panel-header rounded-window-top">
            <span class="header-content">Methods in chronological order</span>
          </div> <!-- main-panel-header rounded-window-top -->
          <div class="main-panel-content rounded-window-bottom">
            <div class="chronological-class">
              <div class="chronological-class-name">com.regression.agileHats.Tests</div> <!-- chronological-class-name -->
              <div class="configuration-class before">
                <span class="method-name">beforeClass(firefox)</span>
                <span class="method-start">0 ms</span>
              </div> <!-- configuration-class before -->
              <div class="test-method">
                <span class="method-name">loginBlankEmailAndPassword</span>
                <span class="method-start">46054 ms</span>
              </div> <!-- test-method -->
              <div class="configuration-method after">
                <span class="method-name">writeResult([TestResult name=loginBlankEmailAndPassword status=SUCCESS method=Tests.loginBlankEmailAndPassword()...)</span>
                <span class="method-start">48362 ms</span>
              </div> <!-- configuration-method after -->
              <div class="test-method">
                <span class="method-name">loginBlankEmail</span>
                <span class="method-start">48364 ms</span>
              </div> <!-- test-method -->
              <div class="configuration-method after">
                <span class="method-name">writeResult([TestResult name=loginBlankEmail status=SUCCESS method=Tests.loginBlankEmail()[pri:1, instance:com.r...)</span>
                <span class="method-start">49182 ms</span>
              </div> <!-- configuration-method after -->
              <div class="test-method">
                <span class="method-name">LoginBlankPassword</span>
                <span class="method-start">49184 ms</span>
              </div> <!-- test-method -->
              <div class="configuration-method after">
                <span class="method-name">writeResult([TestResult name=LoginBlankPassword status=SUCCESS method=Tests.LoginBlankPassword()[pri:2, instance...)</span>
                <span class="method-start">49950 ms</span>
              </div> <!-- configuration-method after -->
              <div class="test-method">
                <span class="method-name">LoginInvalidEmail</span>
                <span class="method-start">49951 ms</span>
              </div> <!-- test-method -->
              <div class="configuration-method after">
                <span class="method-name">writeResult([TestResult name=LoginInvalidEmail status=SUCCESS method=Tests.LoginInvalidEmail()[pri:3, instance:c...)</span>
                <span class="method-start">51008 ms</span>
              </div> <!-- configuration-method after -->
              <div class="test-method">
                <span class="method-name">LoginInvalidPassword</span>
                <span class="method-start">51009 ms</span>
              </div> <!-- test-method -->
              <div class="configuration-method after">
                <span class="method-name">writeResult([TestResult name=LoginInvalidPassword status=SUCCESS method=Tests.LoginInvalidPassword()[pri:4, inst...)</span>
                <span class="method-start">51788 ms</span>
              </div> <!-- configuration-method after -->
              <div class="test-method">
                <span class="method-name">LoginInvalidPasswordAndEmail</span>
                <span class="method-start">51789 ms</span>
              </div> <!-- test-method -->
              <div class="configuration-method after">
                <span class="method-name">writeResult([TestResult name=LoginInvalidPasswordAndEmail status=SUCCESS method=Tests.LoginInvalidPasswordAndEma...)</span>
                <span class="method-start">52539 ms</span>
              </div> <!-- configuration-method after -->
              <div class="test-method">
                <span class="method-name">LoginInvalidPasswordAndBlankEmail</span>
                <span class="method-start">52543 ms</span>
              </div> <!-- test-method -->
              <div class="configuration-method after">
                <span class="method-name">writeResult([TestResult name=LoginInvalidPasswordAndBlankEmail status=SUCCESS method=Tests.LoginInvalidPasswordA...)</span>
                <span class="method-start">53248 ms</span>
              </div> <!-- configuration-method after -->
              <div class="test-method">
                <span class="method-name">LoginInvalidEmailAndBlankPassword</span>
                <span class="method-start">53249 ms</span>
              </div> <!-- test-method -->
              <div class="test-method">
                <span class="method-name">LoginValidEmailAndPassword</span>
                <span class="method-start">53896 ms</span>
              </div> <!-- test-method -->
              <div class="configuration-method after">
                <span class="method-name">writeResult([TestResult name=LoginInvalidEmailAndBlankPassword status=SUCCESS method=Tests.LoginInvalidEmailAndB...)</span>
                <span class="method-start">53896 ms</span>
              </div> <!-- configuration-method after -->
              <div class="configuration-method after">
                <span class="method-name">writeResult([TestResult name=LoginValidEmailAndPassword status=SUCCESS method=Tests.LoginValidEmailAndPassword()...)</span>
                <span class="method-start">57783 ms</span>
              </div> <!-- configuration-method after -->
              <div class="test-method">
                <span class="method-name">EditProfile</span>
                <span class="method-start">57784 ms</span>
              </div> <!-- test-method -->
              <div class="configuration-method after">
                <span class="method-name">writeResult([TestResult name=EditProfile status=SUCCESS method=Tests.EditProfile()[pri:9, instance:com.regressio...)</span>
                <span class="method-start">78472 ms</span>
              </div> <!-- configuration-method after -->
              <div class="test-method">
                <span class="method-name">blankFields</span>
                <span class="method-start">78473 ms</span>
              </div> <!-- test-method -->
              <div class="configuration-method after">
                <span class="method-name">writeResult([TestResult name=blankFields status=SUCCESS method=Tests.blankFields()[pri:11, instance:com.regressi...)</span>
                <span class="method-start">80605 ms</span>
              </div> <!-- configuration-method after -->
              <div class="test-method">
                <span class="method-name">invalidPasswordConfirmation</span>
                <span class="method-start">80606 ms</span>
              </div> <!-- test-method -->
              <div class="test-method">
                <span class="method-name">passConfirmCaseSensitive</span>
                <span class="method-start">82922 ms</span>
              </div> <!-- test-method -->
              <div class="configuration-method after">
                <span class="method-name">writeResult([TestResult name=invalidPasswordConfirmation status=SUCCESS method=Tests.invalidPasswordConfirmation...)</span>
                <span class="method-start">82922 ms</span>
              </div> <!-- configuration-method after -->
              <div class="configuration-method after">
                <span class="method-name">writeResult([TestResult name=passConfirmCaseSensitive status=SUCCESS method=Tests.passConfirmCaseSensitive()[pri...)</span>
                <span class="method-start">84923 ms</span>
              </div> <!-- configuration-method after -->
              <div class="test-method">
                <span class="method-name">invalidEmailFormat</span>
                <span class="method-start">84924 ms</span>
              </div> <!-- test-method -->
              <div class="configuration-method after">
                <span class="method-name">writeResult([TestResult name=invalidEmailFormat status=SUCCESS method=Tests.invalidEmailFormat()[pri:14, instanc...)</span>
                <span class="method-start">87712 ms</span>
              </div> <!-- configuration-method after -->
              <div class="test-method">
                <span class="method-name">takenEmail</span>
                <span class="method-start">87713 ms</span>
              </div> <!-- test-method -->
              <div class="configuration-method after">
                <span class="method-name">writeResult([TestResult name=takenEmail status=SUCCESS method=Tests.takenEmail()[pri:15, instance:com.regression...)</span>
                <span class="method-start">90449 ms</span>
              </div> <!-- configuration-method after -->
              <div class="test-method">
                <img src="failed.png">
                </img>
                <span class="method-name">registerCompanyValid</span>
                <span class="method-start">90450 ms</span>
              </div> <!-- test-method -->
              <div class="configuration-method after">
                <span class="method-name">writeResult([TestResult name=registerCompanyValid status=FAILURE method=Tests.registerCompanyValid()[pri:16, ins...)</span>
                <span class="method-start">107673 ms</span>
              </div> <!-- configuration-method after -->
              <div class="test-method">
                <span class="method-name">companyBlankFields</span>
                <span class="method-start">107902 ms</span>
              </div> <!-- test-method -->
              <div class="configuration-method after">
                <span class="method-name">writeResult([TestResult name=companyBlankFields status=SUCCESS method=Tests.companyBlankFields()[pri:17, instanc...)</span>
                <span class="method-start">109320 ms</span>
              </div> <!-- configuration-method after -->
              <div class="test-method">
                <span class="method-name">validSearchResultTest</span>
                <span class="method-start">109321 ms</span>
              </div> <!-- test-method -->
              <div class="configuration-method after">
                <span class="method-name">writeResult([TestResult name=validSearchResultTest status=SUCCESS method=Tests.validSearchResultTest()[pri:18, i...)</span>
                <span class="method-start">141409 ms</span>
              </div> <!-- configuration-method after -->
              <div class="test-method">
                <span class="method-name">removeButtonTest</span>
                <span class="method-start">141411 ms</span>
              </div> <!-- test-method -->
              <div class="configuration-method after">
                <span class="method-name">writeResult([TestResult name=removeButtonTest status=SUCCESS method=Tests.removeButtonTest()[pri:19, instance:co...)</span>
                <span class="method-start">146901 ms</span>
              </div> <!-- configuration-method after -->
              <div class="test-method">
                <span class="method-name">searchCaseSensitive</span>
                <span class="method-start">146902 ms</span>
              </div> <!-- test-method -->
              <div class="test-method">
                <span class="method-name">searchResultLinkTest</span>
                <span class="method-start">177365 ms</span>
              </div> <!-- test-method -->
              <div class="configuration-method after">
                <span class="method-name">writeResult([TestResult name=searchCaseSensitive status=SUCCESS method=Tests.searchCaseSensitive()[pri:20, insta...)</span>
                <span class="method-start">177365 ms</span>
              </div> <!-- configuration-method after -->
              <div class="configuration-method after">
                <span class="method-name">writeResult([TestResult name=searchResultLinkTest status=SUCCESS method=Tests.searchResultLinkTest()[pri:21, ins...)</span>
                <span class="method-start">209135 ms</span>
              </div> <!-- configuration-method after -->
              <div class="test-method">
                <span class="method-name">searchTrimTest</span>
                <span class="method-start">209136 ms</span>
              </div> <!-- test-method -->
              <div class="test-method">
                <img src="failed.png">
                </img>
                <span class="method-name">createProjectValid</span>
                <span class="method-start">241062 ms</span>
              </div> <!-- test-method -->
              <div class="configuration-method after">
                <span class="method-name">writeResult([TestResult name=searchTrimTest status=SUCCESS method=Tests.searchTrimTest()[pri:22, instance:com.re...)</span>
                <span class="method-start">241062 ms</span>
              </div> <!-- configuration-method after -->
              <div class="configuration-method after">
                <span class="method-name">writeResult([TestResult name=createProjectValid status=FAILURE method=Tests.createProjectValid()[pri:23, instanc...)</span>
                <span class="method-start">260361 ms</span>
              </div> <!-- configuration-method after -->
              <div class="test-method">
                <img src="failed.png">
                </img>
                <span class="method-name">createProjectBlankFields</span>
                <span class="method-start">260443 ms</span>
              </div> <!-- test-method -->
              <div class="configuration-method after">
                <span class="method-name">writeResult([TestResult name=createProjectBlankFields status=FAILURE method=Tests.createProjectBlankFields()[pri...)</span>
                <span class="method-start">276647 ms</span>
              </div> <!-- configuration-method after -->
              <div class="test-method">
                <img src="failed.png">
                </img>
                <span class="method-name">cancelCreateProjectWithNoInputs</span>
                <span class="method-start">276759 ms</span>
              </div> <!-- test-method -->
              <div class="configuration-method after">
                <span class="method-name">writeResult([TestResult name=cancelCreateProjectWithNoInputs status=FAILURE method=Tests.cancelCreateProjectWith...)</span>
                <span class="method-start">293090 ms</span>
              </div> <!-- configuration-method after -->
              <div class="test-method">
                <img src="failed.png">
                </img>
                <span class="method-name">createFundingProjectValid</span>
                <span class="method-start">293216 ms</span>
              </div> <!-- test-method -->
              <div class="configuration-method after">
                <span class="method-name">writeResult([TestResult name=createFundingProjectValid status=FAILURE method=Tests.createFundingProjectValid()[p...)</span>
                <span class="method-start">309526 ms</span>
              </div> <!-- configuration-method after -->
              <div class="test-method">
                <img src="failed.png">
                </img>
                <span class="method-name">VideoUploadTEST</span>
                <span class="method-start">309654 ms</span>
              </div> <!-- test-method -->
              <div class="configuration-method after">
                <span class="method-name">writeResult([TestResult name=VideoUploadTEST status=FAILURE method=Tests.VideoUploadTEST()[pri:28, instance:com....)</span>
                <span class="method-start">326165 ms</span>
              </div> <!-- configuration-method after -->
              <div class="test-method">
                <img src="failed.png">
                </img>
                <span class="method-name">createResponsibilityValid</span>
                <span class="method-start">326291 ms</span>
              </div> <!-- test-method -->
              <div class="configuration-method after">
                <span class="method-name">writeResult([TestResult name=createResponsibilityValid status=FAILURE method=Tests.createResponsibilityValid()[p...)</span>
                <span class="method-start">342712 ms</span>
              </div> <!-- configuration-method after -->
              <div class="test-method">
                <img src="failed.png">
                </img>
                <span class="method-name">createResponsibilityBlankFields</span>
                <span class="method-start">342836 ms</span>
              </div> <!-- test-method -->
              <div class="configuration-method after">
                <span class="method-name">writeResult([TestResult name=createResponsibilityBlankFields status=FAILURE method=Tests.createResponsibilityBla...)</span>
                <span class="method-start">359323 ms</span>
              </div> <!-- configuration-method after -->
              <div class="test-method">
                <img src="failed.png">
                </img>
                <span class="method-name">createResponsibilityLessThanMinCharacters</span>
                <span class="method-start">359458 ms</span>
              </div> <!-- test-method -->
              <div class="configuration-method after">
                <span class="method-name">writeResult([TestResult name=createResponsibilityLessThanMinCharacters status=FAILURE method=Tests.createRespons...)</span>
                <span class="method-start">376906 ms</span>
              </div> <!-- configuration-method after -->
              <div class="test-method">
                <img src="failed.png">
                </img>
                <span class="method-name">forgotPasswordNonExistingUser</span>
                <span class="method-start">377029 ms</span>
              </div> <!-- test-method -->
              <div class="configuration-method after">
                <span class="method-name">writeResult([TestResult name=forgotPasswordNonExistingUser status=FAILURE method=Tests.forgotPasswordNonExisting...)</span>
                <span class="method-start">393723 ms</span>
              </div> <!-- configuration-method after -->
              <div class="test-method">
                <img src="failed.png">
                </img>
                <span class="method-name">forgotPasswordTest</span>
                <span class="method-start">393834 ms</span>
              </div> <!-- test-method -->
              <div class="configuration-method after">
                <span class="method-name">writeResult([TestResult name=forgotPasswordTest status=FAILURE method=Tests.forgotPasswordTest()[pri:33, instanc...)</span>
                <span class="method-start">410278 ms</span>
              </div> <!-- configuration-method after -->
              <div class="test-method">
                <img src="failed.png">
                </img>
                <span class="method-name">LoginDependentMethod</span>
                <span class="method-start">410379 ms</span>
              </div> <!-- test-method -->
              <div class="configuration-method after">
                <span class="method-name">writeResult([TestResult name=LoginDependentMethod status=FAILURE method=Tests.LoginDependentMethod()[pri:34, ins...)</span>
                <span class="method-start">425482 ms</span>
              </div> <!-- configuration-method after -->
              <div class="test-method">
                <span class="method-name">LogOut1</span>
                <span class="method-start">425625 ms</span>
              </div> <!-- test-method -->
              <div class="configuration-method after">
                <span class="method-name">writeResult([TestResult name=LogOut1 status=SUCCESS method=Tests.LogOut1()[pri:36, instance:com.regression.agile...)</span>
                <span class="method-start">428138 ms</span>
              </div> <!-- configuration-method after -->
              <div class="test-method">
                <img src="failed.png">
                </img>
                <span class="method-name">DateTest</span>
                <span class="method-start">428139 ms</span>
              </div> <!-- test-method -->
              <div class="configuration-method after">
                <span class="method-name">writeResult([TestResult name=DateTest status=FAILURE method=Tests.DateTest()[pri:37, instance:com.regression.agi...)</span>
                <span class="method-start">442129 ms</span>
              </div> <!-- configuration-method after -->
              <div class="configuration-class after">
                <span class="method-name">close</span>
                <span class="method-start">442243 ms</span>
              </div> <!-- configuration-class after -->
          </div> <!-- main-panel-content rounded-window-bottom -->
        </div> <!-- panel -->
      </div> <!-- main-panel-root -->
    </div> <!-- wrapper -->
  </body>
</html>
