<?xml version="1.0" encoding="UTF-8"?>
<!-- Generated by org.testng.reporters.JUnitXMLReporter -->
<testsuite hostname="anita-X550LD" ignored="0" name="FireFox Test" tests="37" failures="0" timestamp="03 Mar 2017 15:50:50 GMT" time="5.693" errors="0">
  <testcase name="@BeforeClass beforeClass" time="0.0" classname="com.regression.agileHats.Tests">
    <failure type="org.openqa.selenium.WebDriverException" message="Failed to decode response from marionette
Build info: version: &amp;apos;unknown&amp;apos;, revision: &amp;apos;1969d75&amp;apos;, time: &amp;apos;2016-10-18 09:43:45 -0700&amp;apos;
System info: host: &amp;apos;anita-X550LD&amp;apos;, ip: &amp;apos;127.0.1.1&amp;apos;, os.name: &amp;apos;Linux&amp;apos;, os.arch: &amp;apos;amd64&amp;apos;, os.version: &amp;apos;4.4.0-64-generic&amp;apos;, java.version: &amp;apos;1.8.0_121&amp;apos;
Driver info: org.openqa.selenium.firefox.FirefoxDriver
Capabilities [{rotatable=false, raisesAccessibilityExceptions=false, marionette=true, firefoxOptions={args=[], prefs={}}, appBuildId=20170201180315, version=, platform=LINUX, proxy={}, command_id=1, specificationLevel=0, acceptSslCerts=false, processId=4193, browserVersion=51.0.1, platformVersion=4.4.0-64-generic, XULappId={ec8030f7-c20a-464f-9b0e-13a3a9e97384}, browserName=firefox, takesScreenshot=true, takesElementScreenshot=true, platformName=linux}]
Session ID: 17212a15-7c85-4fef-8395-0aaf3bc4b90e">
      <![CDATA[org.openqa.selenium.WebDriverException: Failed to decode response from marionette
Build info: version: 'unknown', revision: '1969d75', time: '2016-10-18 09:43:45 -0700'
System info: host: 'anita-X550LD', ip: '127.0.1.1', os.name: 'Linux', os.arch: 'amd64', os.version: '4.4.0-64-generic', java.version: '1.8.0_121'
Driver info: org.openqa.selenium.firefox.FirefoxDriver
Capabilities [{rotatable=false, raisesAccessibilityExceptions=false, marionette=true, firefoxOptions={args=[], prefs={}}, appBuildId=20170201180315, version=, platform=LINUX, proxy={}, command_id=1, specificationLevel=0, acceptSslCerts=false, processId=4193, browserVersion=51.0.1, platformVersion=4.4.0-64-generic, XULappId={ec8030f7-c20a-464f-9b0e-13a3a9e97384}, browserName=firefox, takesScreenshot=true, takesElementScreenshot=true, platformName=linux}]
Session ID: 17212a15-7c85-4fef-8395-0aaf3bc4b90e
	at org.openqa.selenium.remote.http.W3CHttpResponseCodec.createException(W3CHttpResponseCodec.java:127)
	at org.openqa.selenium.remote.http.W3CHttpResponseCodec.decode(W3CHttpResponseCodec.java:93)
	at org.openqa.selenium.remote.http.W3CHttpResponseCodec.decode(W3CHttpResponseCodec.java:42)
	at org.openqa.selenium.remote.HttpCommandExecutor.execute(HttpCommandExecutor.java:163)
	at org.openqa.selenium.remote.service.DriverCommandExecutor.execute(DriverCommandExecutor.java:82)
	at org.openqa.selenium.remote.RemoteWebDriver.execute(RemoteWebDriver.java:601)
	at org.openqa.selenium.remote.RemoteWebDriver.get(RemoteWebDriver.java:322)
	at com.regression.agileHats.Tests.beforeClass(Tests.java:58)
	at java.util.concurrent.ThreadPoolExecutor.runWorker(ThreadPoolExecutor.java:1142)
	at java.util.concurrent.ThreadPoolExecutor$Worker.run(ThreadPoolExecutor.java:617)
	at java.lang.Thread.run(Thread.java:745)
... Removed 14 stack frames]]>
    </failure>
  </testcase> <!-- @BeforeClass beforeClass -->
  <testcase name="@AfterMethod writeResult" time="0.0" classname="com.regression.agileHats.Tests">
    <skipped/>
  </testcase> <!-- @AfterMethod writeResult -->
  <testcase name="@AfterMethod writeResult" time="0.0" classname="com.regression.agileHats.Tests">
    <skipped/>
  </testcase> <!-- @AfterMethod writeResult -->
  <testcase name="@AfterMethod writeResult" time="0.0" classname="com.regression.agileHats.Tests">
    <skipped/>
  </testcase> <!-- @AfterMethod writeResult -->
  <testcase name="@AfterMethod writeResult" time="0.0" classname="com.regression.agileHats.Tests">
    <skipped/>
  </testcase> <!-- @AfterMethod writeResult -->
  <testcase name="@AfterMethod writeResult" time="0.0" classname="com.regression.agileHats.Tests">
    <skipped/>
  </testcase> <!-- @AfterMethod writeResult -->
  <testcase name="@AfterMethod writeResult" time="0.0" classname="com.regression.agileHats.Tests">
    <skipped/>
  </testcase> <!-- @AfterMethod writeResult -->
  <testcase name="@AfterMethod writeResult" time="0.0" classname="com.regression.agileHats.Tests">
    <skipped/>
  </testcase> <!-- @AfterMethod writeResult -->
  <testcase name="@AfterMethod writeResult" time="0.0" classname="com.regression.agileHats.Tests">
    <skipped/>
  </testcase> <!-- @AfterMethod writeResult -->
  <testcase name="@AfterMethod writeResult" time="0.0" classname="com.regression.agileHats.Tests">
    <skipped/>
  </testcase> <!-- @AfterMethod writeResult -->
  <testcase name="@AfterMethod writeResult" time="0.0" classname="com.regression.agileHats.Tests">
    <skipped/>
  </testcase> <!-- @AfterMethod writeResult -->
  <testcase name="@AfterMethod writeResult" time="0.0" classname="com.regression.agileHats.Tests">
    <skipped/>
  </testcase> <!-- @AfterMethod writeResult -->
  <testcase name="@AfterMethod writeResult" time="0.0" classname="com.regression.agileHats.Tests">
    <skipped/>
  </testcase> <!-- @AfterMethod writeResult -->
  <testcase name="@AfterMethod writeResult" time="0.0" classname="com.regression.agileHats.Tests">
    <skipped/>
  </testcase> <!-- @AfterMethod writeResult -->
  <testcase name="@AfterMethod writeResult" time="0.0" classname="com.regression.agileHats.Tests">
    <skipped/>
  </testcase> <!-- @AfterMethod writeResult -->
  <testcase name="@AfterMethod writeResult" time="0.0" classname="com.regression.agileHats.Tests">
    <skipped/>
  </testcase> <!-- @AfterMethod writeResult -->
  <testcase name="@AfterMethod writeResult" time="0.0" classname="com.regression.agileHats.Tests">
    <skipped/>
  </testcase> <!-- @AfterMethod writeResult -->
  <testcase name="@AfterMethod writeResult" time="0.0" classname="com.regression.agileHats.Tests">
    <skipped/>
  </testcase> <!-- @AfterMethod writeResult -->
  <testcase name="@AfterMethod writeResult" time="0.0" classname="com.regression.agileHats.Tests">
    <skipped/>
  </testcase> <!-- @AfterMethod writeResult -->
  <testcase name="@AfterMethod writeResult" time="0.0" classname="com.regression.agileHats.Tests">
    <skipped/>
  </testcase> <!-- @AfterMethod writeResult -->
  <testcase name="@AfterMethod writeResult" time="0.0" classname="com.regression.agileHats.Tests">
    <skipped/>
  </testcase> <!-- @AfterMethod writeResult -->
  <testcase name="@AfterMethod writeResult" time="0.0" classname="com.regression.agileHats.Tests">
    <skipped/>
  </testcase> <!-- @AfterMethod writeResult -->
  <testcase name="@AfterMethod writeResult" time="0.0" classname="com.regression.agileHats.Tests">
    <skipped/>
  </testcase> <!-- @AfterMethod writeResult -->
  <testcase name="@AfterMethod writeResult" time="0.0" classname="com.regression.agileHats.Tests">
    <skipped/>
  </testcase> <!-- @AfterMethod writeResult -->
  <testcase name="@AfterMethod writeResult" time="0.0" classname="com.regression.agileHats.Tests">
    <skipped/>
  </testcase> <!-- @AfterMethod writeResult -->
  <testcase name="@AfterMethod writeResult" time="0.0" classname="com.regression.agileHats.Tests">
    <skipped/>
  </testcase> <!-- @AfterMethod writeResult -->
  <testcase name="@AfterMethod writeResult" time="0.0" classname="com.regression.agileHats.Tests">
    <skipped/>
  </testcase> <!-- @AfterMethod writeResult -->
  <testcase name="@AfterMethod writeResult" time="0.0" classname="com.regression.agileHats.Tests">
    <skipped/>
  </testcase> <!-- @AfterMethod writeResult -->
  <testcase name="@AfterMethod writeResult" time="0.0" classname="com.regression.agileHats.Tests">
    <skipped/>
  </testcase> <!-- @AfterMethod writeResult -->
  <testcase name="@AfterMethod writeResult" time="0.0" classname="com.regression.agileHats.Tests">
    <skipped/>
  </testcase> <!-- @AfterMethod writeResult -->
  <testcase name="@AfterMethod writeResult" time="0.0" classname="com.regression.agileHats.Tests">
    <skipped/>
  </testcase> <!-- @AfterMethod writeResult -->
  <testcase name="@AfterMethod writeResult" time="0.0" classname="com.regression.agileHats.Tests">
    <skipped/>
  </testcase> <!-- @AfterMethod writeResult -->
  <testcase name="@AfterMethod writeResult" time="0.0" classname="com.regression.agileHats.Tests">
    <skipped/>
  </testcase> <!-- @AfterMethod writeResult -->
  <testcase name="@AfterMethod writeResult" time="0.0" classname="com.regression.agileHats.Tests">
    <skipped/>
  </testcase> <!-- @AfterMethod writeResult -->
  <testcase name="@AfterMethod writeResult" time="0.0" classname="com.regression.agileHats.Tests">
    <skipped/>
  </testcase> <!-- @AfterMethod writeResult -->
  <testcase name="@AfterMethod writeResult" time="0.0" classname="com.regression.agileHats.Tests">
    <skipped/>
  </testcase> <!-- @AfterMethod writeResult -->
  <testcase name="@AfterMethod writeResult" time="0.0" classname="com.regression.agileHats.Tests">
    <skipped/>
  </testcase> <!-- @AfterMethod writeResult -->
  <testcase name="@AfterClass close" time="0.0" classname="com.regression.agileHats.Tests">
    <skipped/>
  </testcase> <!-- @AfterClass close -->
  <testcase name="loginBlankEmailAndPassword" time="0.0" classname="com.regression.agileHats.Tests">
    <skipped/>
  </testcase> <!-- loginBlankEmailAndPassword -->
  <testcase name="loginBlankEmail" time="0.0" classname="com.regression.agileHats.Tests">
    <skipped/>
  </testcase> <!-- loginBlankEmail -->
  <testcase name="LoginBlankPassword" time="0.001" classname="com.regression.agileHats.Tests">
    <skipped/>
  </testcase> <!-- LoginBlankPassword -->
  <testcase name="LoginInvalidEmail" time="0.001" classname="com.regression.agileHats.Tests">
    <skipped/>
  </testcase> <!-- LoginInvalidEmail -->
  <testcase name="LoginInvalidPassword" time="0.001" classname="com.regression.agileHats.Tests">
    <skipped/>
  </testcase> <!-- LoginInvalidPassword -->
  <testcase name="LoginInvalidPasswordAndEmail" time="0.001" classname="com.regression.agileHats.Tests">
    <skipped/>
  </testcase> <!-- LoginInvalidPasswordAndEmail -->
  <testcase name="LoginInvalidPasswordAndBlankEmail" time="0.0" classname="com.regression.agileHats.Tests">
    <skipped/>
  </testcase> <!-- LoginInvalidPasswordAndBlankEmail -->
  <testcase name="LoginInvalidEmailAndBlankPassword" time="0.001" classname="com.regression.agileHats.Tests">
    <skipped/>
  </testcase> <!-- LoginInvalidEmailAndBlankPassword -->
  <testcase name="LoginValidEmailAndPassword" time="0.001" classname="com.regression.agileHats.Tests">
    <skipped/>
  </testcase> <!-- LoginValidEmailAndPassword -->
  <testcase name="EditProfile" time="0.001" classname="com.regression.agileHats.Tests">
    <skipped/>
  </testcase> <!-- EditProfile -->
  <testcase name="registerEmployeeValid" time="0.001" classname="com.regression.agileHats.Tests">
    <skipped/>
  </testcase> <!-- registerEmployeeValid -->
  <testcase name="blankFields" time="0.001" classname="com.regression.agileHats.Tests">
    <skipped/>
  </testcase> <!-- blankFields -->
  <testcase name="invalidPasswordConfirmation" time="0.0" classname="com.regression.agileHats.Tests">
    <skipped/>
  </testcase> <!-- invalidPasswordConfirmation -->
  <testcase name="passConfirmCaseSensitive" time="0.003" classname="com.regression.agileHats.Tests">
    <skipped/>
  </testcase> <!-- passConfirmCaseSensitive -->
  <testcase name="invalidEmailFormat" time="0.001" classname="com.regression.agileHats.Tests">
    <skipped/>
  </testcase> <!-- invalidEmailFormat -->
  <testcase name="takenEmail" time="0.001" classname="com.regression.agileHats.Tests">
    <skipped/>
  </testcase> <!-- takenEmail -->
  <testcase name="registerCompanyValid" time="0.001" classname="com.regression.agileHats.Tests">
    <skipped/>
  </testcase> <!-- registerCompanyValid -->
  <testcase name="companyBlankFields" time="0.0" classname="com.regression.agileHats.Tests">
    <skipped/>
  </testcase> <!-- companyBlankFields -->
  <testcase name="validSearchResultTest" time="0.001" classname="com.regression.agileHats.Tests">
    <skipped/>
  </testcase> <!-- validSearchResultTest -->
  <testcase name="removeButtonTest" time="0.0" classname="com.regression.agileHats.Tests">
    <skipped/>
  </testcase> <!-- removeButtonTest -->
  <testcase name="searchCaseSensitive" time="0.001" classname="com.regression.agileHats.Tests">
    <skipped/>
  </testcase> <!-- searchCaseSensitive -->
  <testcase name="searchResultLinkTest" time="0.0" classname="com.regression.agileHats.Tests">
    <skipped/>
  </testcase> <!-- searchResultLinkTest -->
  <testcase name="searchTrimTest" time="0.001" classname="com.regression.agileHats.Tests">
    <skipped/>
  </testcase> <!-- searchTrimTest -->
  <testcase name="createProjectValid" time="0.001" classname="com.regression.agileHats.Tests">
    <skipped/>
  </testcase> <!-- createProjectValid -->
  <testcase name="createProjectBlankFields" time="0.0" classname="com.regression.agileHats.Tests">
    <skipped/>
  </testcase> <!-- createProjectBlankFields -->
  <testcase name="cancelCreateProjectWithNoInputs" time="0.0" classname="com.regression.agileHats.Tests">
    <skipped/>
  </testcase> <!-- cancelCreateProjectWithNoInputs -->
  <testcase name="createFundingProjectValid" time="0.001" classname="com.regression.agileHats.Tests">
    <skipped/>
  </testcase> <!-- createFundingProjectValid -->
  <testcase name="VideoUploadTEST" time="0.001" classname="com.regression.agileHats.Tests">
    <skipped/>
  </testcase> <!-- VideoUploadTEST -->
  <testcase name="createResponsibilityValid" time="0.001" classname="com.regression.agileHats.Tests">
    <skipped/>
  </testcase> <!-- createResponsibilityValid -->
  <testcase name="createResponsibilityBlankFields" time="0.0" classname="com.regression.agileHats.Tests">
    <skipped/>
  </testcase> <!-- createResponsibilityBlankFields -->
  <testcase name="createResponsibilityLessThanMinCharacters" time="0.001" classname="com.regression.agileHats.Tests">
    <skipped/>
  </testcase> <!-- createResponsibilityLessThanMinCharacters -->
  <testcase name="forgotPasswordNonExistingUser" time="0.0" classname="com.regression.agileHats.Tests">
    <skipped/>
  </testcase> <!-- forgotPasswordNonExistingUser -->
  <testcase name="forgotPasswordTest" time="0.001" classname="com.regression.agileHats.Tests">
    <skipped/>
  </testcase> <!-- forgotPasswordTest -->
  <testcase name="LoginDependentMethod" time="0.001" classname="com.regression.agileHats.Tests">
    <skipped/>
  </testcase> <!-- LoginDependentMethod -->
  <testcase name="CheckLogout2" time="0.0" classname="com.regression.agileHats.Tests">
    <skipped/>
  </testcase> <!-- CheckLogout2 -->
  <testcase name="LogOut1" time="0.001" classname="com.regression.agileHats.Tests">
    <skipped/>
  </testcase> <!-- LogOut1 -->
  <testcase name="DateTest" time="0.001" classname="com.regression.agileHats.Tests">
    <skipped/>
  </testcase> <!-- DateTest -->
</testsuite> <!-- FireFox Test -->
